[T 17:03:27 22360] Reading configuration file C:\Users\MQ10001357\OneDrive - Macquarie University\Teaching\Comp3310\codeQL\workshop_example_qb\working\tracing\compiler-tracing5384427544598704845.spec...
[T 17:03:27 22360] Initialising tags...
[T 17:03:27 22360] Reading configuration file C:\Users\MQ10001357\OneDrive - Macquarie University\Teaching\Comp3310\codeQL\workshop_example_qb\working\tracing\compiler-tracing5384427544598704845.spec...
[T 17:03:27 22360] Initialising tags...
[T 17:03:27 22360] Allocated ID 8DE2834200005758_0000000000000001 (parent )
[T 17:03:28 22360] Re-initializing the tracer
[T 17:03:28 22360] Reading configuration file C:\Users\MQ10001357\OneDrive - Macquarie University\Teaching\Comp3310\codeQL\workshop_example_qb\working\tracing\compiler-tracing5384427544598704845.spec...
[T 17:03:28 22360] Initialising tags...
[T 17:03:28 22360] ==== Candidate to intercept: C:\Users\MQ10001357\codeqlwin64\codeql\tools\win64\runner.exe (12448) ====
[T 17:03:28 12448] Reading configuration file C:\Users\MQ10001357\OneDrive - Macquarie University\Teaching\Comp3310\codeQL\workshop_example_qb\working\tracing\compiler-tracing5384427544598704845.spec...
[T 17:03:28 12448] Initialising tags...
[T 17:03:28 12448] ID set to 8DE2834200005758_0000000000000001 (parent root)
[T 17:03:28 12448] Allocated ID 9AC98AF3000030A0_0000000000000001 (parent 8DE2834200005758_0000000000000001)
[T 17:03:28 12448] Re-initializing the tracer
[T 17:03:28 12448] Reading configuration file C:\Users\MQ10001357\OneDrive - Macquarie University\Teaching\Comp3310\codeQL\workshop_example_qb\working\tracing\compiler-tracing5384427544598704845.spec...
[T 17:03:28 12448] Initialising tags...
[T 17:03:28 12448] ID set to 8DE2834200005758_0000000000000001 (parent root)
[T 17:03:28 12448] ==== Candidate to intercept: C:\Windows\System32\cmd.exe (8268) ====
[T 17:03:28 8268] Reading configuration file C:\Users\MQ10001357\OneDrive - Macquarie University\Teaching\Comp3310\codeQL\workshop_example_qb\working\tracing\compiler-tracing5384427544598704845.spec...
[T 17:03:28 8268] Initialising tags...
[T 17:03:28 8268] ID set to 9AC98AF3000030A0_0000000000000001 (parent 8DE2834200005758_0000000000000001)
[T 17:03:28 8268] Allocated ID 2C97EC560000204C_0000000000000001 (parent 9AC98AF3000030A0_0000000000000001)
[T 17:03:28 8268] Re-initializing the tracer
[T 17:03:28 8268] Reading configuration file C:\Users\MQ10001357\OneDrive - Macquarie University\Teaching\Comp3310\codeQL\workshop_example_qb\working\tracing\compiler-tracing5384427544598704845.spec...
[T 17:03:28 8268] Initialising tags...
[T 17:03:28 8268] ID set to 9AC98AF3000030A0_0000000000000001 (parent 8DE2834200005758_0000000000000001)
[T 17:03:28 8268] ==== Candidate to intercept: C:\Users\MQ10001357\codeqlwin64\codeql\tools\win64\java\bin\java.exe (14356) ====
[T 17:03:28 14356] Reading configuration file C:\Users\MQ10001357\OneDrive - Macquarie University\Teaching\Comp3310\codeQL\workshop_example_qb\working\tracing\compiler-tracing5384427544598704845.spec...
[T 17:03:28 14356] Initialising tags...
[T 17:03:28 14356] ID set to 2C97EC560000204C_0000000000000001 (parent 9AC98AF3000030A0_0000000000000001)
[T 17:03:28 14356] Loading extra JVM options from SEMMLE_JAVA_TOOL_OPTIONS instead of in-process variable.
[T 17:03:28 14356] Passing through -javaagent:C:\Users\MQ10001357\codeqlwin64\codeql\java\tools/codeql-java-agent.jar=ignore-project,java to underlying JVM.
[T 17:03:28 14356] Passing through -Xbootclasspath/a:C:\Users\MQ10001357\codeqlwin64\codeql\java\tools/codeql-java-agent.jar to underlying JVM.
[T 17:03:28 14356] Intercepted JVM creation with extra hidden args: ['-javaagent:C:\Users\MQ10001357\codeqlwin64\codeql\java\tools/codeql-java-agent.jar=ignore-project,java' '-Xbootclasspath/a:C:\Users\MQ10001357\codeqlwin64\codeql\java\tools/codeql-java-agent.jar'] (result: 1, 0).
[T 17:03:29 14356] Allocated ID E6E7050100003814_0000000000000001 (parent 2C97EC560000204C_0000000000000001)
[T 17:03:29 14356] Re-initializing the tracer
[T 17:03:29 14356] Reading configuration file C:\Users\MQ10001357\OneDrive - Macquarie University\Teaching\Comp3310\codeQL\workshop_example_qb\working\tracing\compiler-tracing5384427544598704845.spec...
[T 17:03:29 14356] Initialising tags...
[T 17:03:29 14356] ID set to 2C97EC560000204C_0000000000000001 (parent 9AC98AF3000030A0_0000000000000001)
[T 17:03:29 14356] ==== Candidate to intercept: C:\Users\MQ10001357\codeqlwin64\codeql\tools\win64\runner.exe (1072) ====
[T 17:03:29 1072] Reading configuration file C:\Users\MQ10001357\OneDrive - Macquarie University\Teaching\Comp3310\codeQL\workshop_example_qb\working\tracing\compiler-tracing5384427544598704845.spec...
[T 17:03:29 1072] Initialising tags...
[T 17:03:29 1072] ID set to E6E7050100003814_0000000000000001 (parent 2C97EC560000204C_0000000000000001)
[T 17:03:29 1072] Allocated ID E617C3AC00000430_0000000000000001 (parent E6E7050100003814_0000000000000001)
[T 17:03:29 1072] Re-initializing the tracer
[T 17:03:29 1072] Reading configuration file C:\Users\MQ10001357\OneDrive - Macquarie University\Teaching\Comp3310\codeQL\workshop_example_qb\working\tracing\compiler-tracing5384427544598704845.spec...
[T 17:03:29 1072] Initialising tags...
[T 17:03:29 1072] ID set to E6E7050100003814_0000000000000001 (parent 2C97EC560000204C_0000000000000001)
[T 17:03:29 1072] ==== Candidate to intercept: C:\Windows\System32\cmd.exe (9268) ====
[T 17:03:29 9268] Reading configuration file C:\Users\MQ10001357\OneDrive - Macquarie University\Teaching\Comp3310\codeQL\workshop_example_qb\working\tracing\compiler-tracing5384427544598704845.spec...
[T 17:03:29 9268] Initialising tags...
[T 17:03:29 9268] ID set to E617C3AC00000430_0000000000000001 (parent E6E7050100003814_0000000000000001)
[T 17:03:29 9268] Allocated ID 90DFB3BA00002434_0000000000000001 (parent E617C3AC00000430_0000000000000001)
[T 17:03:29 9268] Re-initializing the tracer
[T 17:03:29 9268] Reading configuration file C:\Users\MQ10001357\OneDrive - Macquarie University\Teaching\Comp3310\codeQL\workshop_example_qb\working\tracing\compiler-tracing5384427544598704845.spec...
[T 17:03:29 9268] Initialising tags...
[T 17:03:29 9268] ID set to E617C3AC00000430_0000000000000001 (parent E6E7050100003814_0000000000000001)
[T 17:03:29 9268] ==== Candidate to intercept: C:\MQU\SCI\jdk-12.0.1\bin\java.exe (10320) ====
[T 17:03:29 10320] Reading configuration file C:\Users\MQ10001357\OneDrive - Macquarie University\Teaching\Comp3310\codeQL\workshop_example_qb\working\tracing\compiler-tracing5384427544598704845.spec...
[T 17:03:29 10320] Initialising tags...
[T 17:03:29 10320] ID set to 90DFB3BA00002434_0000000000000001 (parent E617C3AC00000430_0000000000000001)
[T 17:03:29 10320] Loading extra JVM options from SEMMLE_JAVA_TOOL_OPTIONS instead of in-process variable.
[T 17:03:29 10320] Passing through -javaagent:C:\Users\MQ10001357\codeqlwin64\codeql\java\tools/codeql-java-agent.jar=ignore-project,java to underlying JVM.
[T 17:03:29 10320] Passing through -Xbootclasspath/a:C:\Users\MQ10001357\codeqlwin64\codeql\java\tools/codeql-java-agent.jar to underlying JVM.
[T 17:03:29 10320] Intercepted JVM creation with extra hidden args: ['-javaagent:C:\Users\MQ10001357\codeqlwin64\codeql\java\tools/codeql-java-agent.jar=ignore-project,java' '-Xbootclasspath/a:C:\Users\MQ10001357\codeqlwin64\codeql\java\tools/codeql-java-agent.jar'] (result: 1, 0).
[T 17:03:31 10320] Allocated ID 514EB2E000002850_0000000000000001 (parent 90DFB3BA00002434_0000000000000001)
[T 17:03:31 10320] Re-initializing the tracer
[T 17:03:31 10320] Reading configuration file C:\Users\MQ10001357\OneDrive - Macquarie University\Teaching\Comp3310\codeQL\workshop_example_qb\working\tracing\compiler-tracing5384427544598704845.spec...
[T 17:03:31 10320] Initialising tags...
[T 17:03:31 10320] ID set to 90DFB3BA00002434_0000000000000001 (parent E617C3AC00000430_0000000000000001)
[T 17:03:31 10320] ==== Candidate to intercept: C:\MQU\SCI\jdk-12.0.1\bin\java.exe (13764) ====
[T 17:03:31 13764] Reading configuration file C:\Users\MQ10001357\OneDrive - Macquarie University\Teaching\Comp3310\codeQL\workshop_example_qb\working\tracing\compiler-tracing5384427544598704845.spec...
[T 17:03:31 13764] Initialising tags...
[T 17:03:31 13764] ID set to 514EB2E000002850_0000000000000001 (parent 90DFB3BA00002434_0000000000000001)
[T 17:03:31 13764] Loading extra JVM options from SEMMLE_JAVA_TOOL_OPTIONS instead of in-process variable.
[T 17:03:31 13764] Passing through -javaagent:C:\Users\MQ10001357\codeqlwin64\codeql\java\tools/codeql-java-agent.jar=ignore-project,java to underlying JVM.
[T 17:03:31 13764] Passing through -Xbootclasspath/a:C:\Users\MQ10001357\codeqlwin64\codeql\java\tools/codeql-java-agent.jar to underlying JVM.
[T 17:03:31 13764] Intercepted JVM creation with extra hidden args: ['-javaagent:C:\Users\MQ10001357\codeqlwin64\codeql\java\tools/codeql-java-agent.jar=ignore-project,java' '-Xbootclasspath/a:C:\Users\MQ10001357\codeqlwin64\codeql\java\tools/codeql-java-agent.jar'] (result: 1, 0).
[T 17:03:40 14356] Allocated ID B199290200003814_0000000000000001 (parent 2C97EC560000204C_0000000000000001)
[T 17:03:40 14356] Re-initializing the tracer
[T 17:03:40 14356] Reading configuration file C:\Users\MQ10001357\OneDrive - Macquarie University\Teaching\Comp3310\codeQL\workshop_example_qb\working\tracing\compiler-tracing5384427544598704845.spec...
[T 17:03:40 14356] Initialising tags...
[T 17:03:40 14356] ID set to 2C97EC560000204C_0000000000000001 (parent 9AC98AF3000030A0_0000000000000001)
[T 17:03:40 14356] ==== Candidate to intercept: C:\Users\MQ10001357\codeqlwin64\codeql\tools\win64\runner.exe (18660) ====
[T 17:03:40 18660] Reading configuration file C:\Users\MQ10001357\OneDrive - Macquarie University\Teaching\Comp3310\codeQL\workshop_example_qb\working\tracing\compiler-tracing5384427544598704845.spec...
[T 17:03:40 18660] Initialising tags...
[T 17:03:40 18660] ID set to B199290200003814_0000000000000001 (parent 2C97EC560000204C_0000000000000001)
[T 17:03:40 18660] Allocated ID E22FDA33000048E4_0000000000000001 (parent B199290200003814_0000000000000001)
[T 17:03:40 18660] Re-initializing the tracer
[T 17:03:40 18660] Reading configuration file C:\Users\MQ10001357\OneDrive - Macquarie University\Teaching\Comp3310\codeQL\workshop_example_qb\working\tracing\compiler-tracing5384427544598704845.spec...
[T 17:03:40 18660] Initialising tags...
[T 17:03:40 18660] ID set to B199290200003814_0000000000000001 (parent 2C97EC560000204C_0000000000000001)
[T 17:03:40 18660] ==== Candidate to intercept: C:\Windows\System32\cmd.exe (16152) ====
[T 17:03:40 16152] Reading configuration file C:\Users\MQ10001357\OneDrive - Macquarie University\Teaching\Comp3310\codeQL\workshop_example_qb\working\tracing\compiler-tracing5384427544598704845.spec...
[T 17:03:40 16152] Initialising tags...
[T 17:03:40 16152] ID set to E22FDA33000048E4_0000000000000001 (parent B199290200003814_0000000000000001)
[T 17:03:40 16152] Allocated ID 5671A0A300003F18_0000000000000001 (parent E22FDA33000048E4_0000000000000001)
[T 17:03:40 16152] Re-initializing the tracer
[T 17:03:40 16152] Reading configuration file C:\Users\MQ10001357\OneDrive - Macquarie University\Teaching\Comp3310\codeQL\workshop_example_qb\working\tracing\compiler-tracing5384427544598704845.spec...
[T 17:03:40 16152] Initialising tags...
[T 17:03:40 16152] ID set to E22FDA33000048E4_0000000000000001 (parent B199290200003814_0000000000000001)
[T 17:03:40 16152] ==== Candidate to intercept: C:\MQU\SCI\jdk-12.0.1\bin\java.exe (22332) ====
[T 17:03:40 22332] Reading configuration file C:\Users\MQ10001357\OneDrive - Macquarie University\Teaching\Comp3310\codeQL\workshop_example_qb\working\tracing\compiler-tracing5384427544598704845.spec...
[T 17:03:40 22332] Initialising tags...
[T 17:03:40 22332] ID set to 5671A0A300003F18_0000000000000001 (parent E22FDA33000048E4_0000000000000001)
[T 17:03:40 22332] Loading extra JVM options from SEMMLE_JAVA_TOOL_OPTIONS instead of in-process variable.
[T 17:03:40 22332] Passing through -javaagent:C:\Users\MQ10001357\codeqlwin64\codeql\java\tools/codeql-java-agent.jar=ignore-project,java to underlying JVM.
[T 17:03:40 22332] Passing through -Xbootclasspath/a:C:\Users\MQ10001357\codeqlwin64\codeql\java\tools/codeql-java-agent.jar to underlying JVM.
[T 17:03:40 22332] Intercepted JVM creation with extra hidden args: ['-javaagent:C:\Users\MQ10001357\codeqlwin64\codeql\java\tools/codeql-java-agent.jar=ignore-project,java' '-Xbootclasspath/a:C:\Users\MQ10001357\codeqlwin64\codeql\java\tools/codeql-java-agent.jar'] (result: 1, 0).
[T 17:03:42 22332] Allocated ID 7983847B0000573C_0000000000000001 (parent 5671A0A300003F18_0000000000000001)
[T 17:03:42 22332] Re-initializing the tracer
[T 17:03:42 22332] Reading configuration file C:\Users\MQ10001357\OneDrive - Macquarie University\Teaching\Comp3310\codeQL\workshop_example_qb\working\tracing\compiler-tracing5384427544598704845.spec...
[T 17:03:42 22332] Initialising tags...
[T 17:03:42 22332] ID set to 5671A0A300003F18_0000000000000001 (parent E22FDA33000048E4_0000000000000001)
[T 17:03:42 22332] ==== Candidate to intercept: C:\MQU\SCI\jdk-12.0.1\bin\java.exe (9716) ====
[T 17:03:42 9716] Reading configuration file C:\Users\MQ10001357\OneDrive - Macquarie University\Teaching\Comp3310\codeQL\workshop_example_qb\working\tracing\compiler-tracing5384427544598704845.spec...
[T 17:03:42 9716] Initialising tags...
[T 17:03:42 9716] ID set to 7983847B0000573C_0000000000000001 (parent 5671A0A300003F18_0000000000000001)
[T 17:03:42 9716] Loading extra JVM options from SEMMLE_JAVA_TOOL_OPTIONS instead of in-process variable.
[T 17:03:42 9716] Passing through -javaagent:C:\Users\MQ10001357\codeqlwin64\codeql\java\tools/codeql-java-agent.jar=ignore-project,java to underlying JVM.
[T 17:03:42 9716] Passing through -Xbootclasspath/a:C:\Users\MQ10001357\codeqlwin64\codeql\java\tools/codeql-java-agent.jar to underlying JVM.
[T 17:03:42 9716] Intercepted JVM creation with extra hidden args: ['-javaagent:C:\Users\MQ10001357\codeqlwin64\codeql\java\tools/codeql-java-agent.jar=ignore-project,java' '-Xbootclasspath/a:C:\Users\MQ10001357\codeqlwin64\codeql\java\tools/codeql-java-agent.jar'] (result: 1, 0).
[T 17:03:51 9716] Allocated ID 1BCBDB87000025F4_0000000000000001 (parent 7983847B0000573C_0000000000000001)
[T 17:03:51 9716] Re-initializing the tracer
[T 17:03:51 9716] Reading configuration file C:\Users\MQ10001357\OneDrive - Macquarie University\Teaching\Comp3310\codeQL\workshop_example_qb\working\tracing\compiler-tracing5384427544598704845.spec...
[T 17:03:51 9716] Initialising tags...
[T 17:03:51 9716] ID set to 7983847B0000573C_0000000000000001 (parent 5671A0A300003F18_0000000000000001)
[T 17:03:51 9716] ==== Candidate to intercept: C:\MQU\SCI\jdk-12.0.1\bin\java.exe (20788) ====
[T 17:03:51 20788] Reading configuration file C:\Users\MQ10001357\OneDrive - Macquarie University\Teaching\Comp3310\codeQL\workshop_example_qb\working\tracing\compiler-tracing5384427544598704845.spec...
[T 17:03:51 20788] Initialising tags...
[T 17:03:51 20788] ID set to 1BCBDB87000025F4_0000000000000001 (parent 7983847B0000573C_0000000000000001)
[T 17:03:51 20788] Loading extra JVM options from SEMMLE_JAVA_TOOL_OPTIONS instead of in-process variable.
[T 17:03:51 20788] Passing through -javaagent:C:\Users\MQ10001357\codeqlwin64\codeql\java\tools/codeql-java-agent.jar=ignore-project,java to underlying JVM.
[T 17:03:51 20788] Passing through -Xbootclasspath/a:C:\Users\MQ10001357\codeqlwin64\codeql\java\tools/codeql-java-agent.jar to underlying JVM.
[T 17:03:51 20788] Intercepted JVM creation with extra hidden args: ['-javaagent:C:\Users\MQ10001357\codeqlwin64\codeql\java\tools/codeql-java-agent.jar=ignore-project,java' '-Xbootclasspath/a:C:\Users\MQ10001357\codeqlwin64\codeql\java\tools/codeql-java-agent.jar'] (result: 1, 0).
[T 17:04:08 9716] Allocated ID F554E930000025F4_0000000000000001 (parent 7983847B0000573C_0000000000000001)
[T 17:04:08 9716] Re-initializing the tracer
[T 17:04:08 9716] Reading configuration file C:\Users\MQ10001357\OneDrive - Macquarie University\Teaching\Comp3310\codeQL\workshop_example_qb\working\tracing\compiler-tracing5384427544598704845.spec...
[T 17:04:08 9716] Initialising tags...
[T 17:04:08 9716] ID set to 7983847B0000573C_0000000000000001 (parent 5671A0A300003F18_0000000000000001)
[T 17:04:08 9716] ==== Candidate to intercept: C:\MQU\SCI\jdk-12.0.1\bin\java.exe (21512) ====
[T 17:04:08 21512] Reading configuration file C:\Users\MQ10001357\OneDrive - Macquarie University\Teaching\Comp3310\codeQL\workshop_example_qb\working\tracing\compiler-tracing5384427544598704845.spec...
[T 17:04:08 21512] Initialising tags...
[T 17:04:08 21512] ID set to F554E930000025F4_0000000000000001 (parent 7983847B0000573C_0000000000000001)
[T 17:04:08 21512] Loading extra JVM options from SEMMLE_JAVA_TOOL_OPTIONS instead of in-process variable.
[T 17:04:08 21512] Passing through -javaagent:C:\Users\MQ10001357\codeqlwin64\codeql\java\tools/codeql-java-agent.jar=ignore-project,java to underlying JVM.
[T 17:04:08 21512] Passing through -Xbootclasspath/a:C:\Users\MQ10001357\codeqlwin64\codeql\java\tools/codeql-java-agent.jar to underlying JVM.
[T 17:04:08 21512] Intercepted JVM creation with extra hidden args: ['-javaagent:C:\Users\MQ10001357\codeqlwin64\codeql\java\tools/codeql-java-agent.jar=ignore-project,java' '-Xbootclasspath/a:C:\Users\MQ10001357\codeqlwin64\codeql\java\tools/codeql-java-agent.jar'] (result: 1, 0).
