[2022-03-13 17:04:14] This is codeql database index-files --include-extension=.xml --size-limit 10m --language xml -- C:\Users\MQ10001357\OneDrive - Macquarie University\Teaching\Comp3310\codeQL\workshop_example_qb
[2022-03-13 17:04:14] Log file was started late.
[2022-03-13 17:04:14] Using index-files script C:\Users\MQ10001357\codeqlwin64\codeql\xml\tools\index-files.cmd.
[2022-03-13 17:04:14] [PROGRESS] database index-files> Scanning for files in C:\Users\MQ10001357\OneDrive - Macquarie University\Teaching\Comp3310\codeQL\workshopExamples...
[2022-03-13 17:04:14] Calling plumbing command: codeql resolve files --include-extension=.xml --size-limit=10m C:\Users\MQ10001357\OneDrive - Macquarie University\Teaching\Comp3310\codeQL\workshopExamples --format=json
[2022-03-13 17:04:14] [PROGRESS] resolve files> Scanning C:\Users\MQ10001357\OneDrive - Macquarie University\Teaching\Comp3310\codeQL\workshopExamples...
[2022-03-13 17:04:14] [PROGRESS] resolve files> Scanning C:\Users\MQ10001357\OneDrive - Macquarie University\Teaching\Comp3310\codeQL\workshopExamples\.gradle...
[2022-03-13 17:04:14] [PROGRESS] resolve files> Scanning C:\Users\MQ10001357\OneDrive - Macquarie University\Teaching\Comp3310\codeQL\workshopExamples\.gradle\7.3.3...
[2022-03-13 17:04:14] [PROGRESS] resolve files> Scanning C:\Users\MQ10001357\OneDrive - Macquarie University\Teaching\Comp3310\codeQL\workshopExamples\.gradle\7.3.3\checksums...
[2022-03-13 17:04:14] [PROGRESS] resolve files> Scanning C:\Users\MQ10001357\OneDrive - Macquarie University\Teaching\Comp3310\codeQL\workshopExamples\.gradle\7.3.3\dependencies-accessors...
[2022-03-13 17:04:14] [PROGRESS] resolve files> Scanning C:\Users\MQ10001357\OneDrive - Macquarie University\Teaching\Comp3310\codeQL\workshopExamples\.gradle\7.3.3\executionHistory...
[2022-03-13 17:04:14] [PROGRESS] resolve files> Scanning C:\Users\MQ10001357\OneDrive - Macquarie University\Teaching\Comp3310\codeQL\workshopExamples\.gradle\7.3.3\fileChanges...
[2022-03-13 17:04:14] [PROGRESS] resolve files> Scanning C:\Users\MQ10001357\OneDrive - Macquarie University\Teaching\Comp3310\codeQL\workshopExamples\.gradle\7.3.3\fileHashes...
[2022-03-13 17:04:14] [PROGRESS] resolve files> Scanning C:\Users\MQ10001357\OneDrive - Macquarie University\Teaching\Comp3310\codeQL\workshopExamples\.gradle\7.3.3\vcsMetadata...
[2022-03-13 17:04:14] [PROGRESS] resolve files> Scanning C:\Users\MQ10001357\OneDrive - Macquarie University\Teaching\Comp3310\codeQL\workshopExamples\.gradle\buildOutputCleanup...
[2022-03-13 17:04:14] [PROGRESS] resolve files> Scanning C:\Users\MQ10001357\OneDrive - Macquarie University\Teaching\Comp3310\codeQL\workshopExamples\.gradle\vcs-1...
[2022-03-13 17:04:14] [PROGRESS] resolve files> Scanning C:\Users\MQ10001357\OneDrive - Macquarie University\Teaching\Comp3310\codeQL\workshopExamples\.vscode...
[2022-03-13 17:04:14] [PROGRESS] resolve files> Scanning C:\Users\MQ10001357\OneDrive - Macquarie University\Teaching\Comp3310\codeQL\workshopExamples\app...
[2022-03-13 17:04:14] [PROGRESS] resolve files> Scanning C:\Users\MQ10001357\OneDrive - Macquarie University\Teaching\Comp3310\codeQL\workshopExamples\app\bin...
[2022-03-13 17:04:14] [PROGRESS] resolve files> Scanning C:\Users\MQ10001357\OneDrive - Macquarie University\Teaching\Comp3310\codeQL\workshopExamples\app\bin\main...
[2022-03-13 17:04:14] [PROGRESS] resolve files> Scanning C:\Users\MQ10001357\OneDrive - Macquarie University\Teaching\Comp3310\codeQL\workshopExamples\app\bin\main\workshopExamples...
[2022-03-13 17:04:14] [PROGRESS] resolve files> Scanning C:\Users\MQ10001357\OneDrive - Macquarie University\Teaching\Comp3310\codeQL\workshopExamples\app\bin\test...
[2022-03-13 17:04:14] [PROGRESS] resolve files> Scanning C:\Users\MQ10001357\OneDrive - Macquarie University\Teaching\Comp3310\codeQL\workshopExamples\app\bin\test\workshopExamples...
[2022-03-13 17:04:14] [PROGRESS] resolve files> Scanning C:\Users\MQ10001357\OneDrive - Macquarie University\Teaching\Comp3310\codeQL\workshopExamples\app\build...
[2022-03-13 17:04:14] [PROGRESS] resolve files> Scanning C:\Users\MQ10001357\OneDrive - Macquarie University\Teaching\Comp3310\codeQL\workshopExamples\app\build\classes...
[2022-03-13 17:04:14] [PROGRESS] resolve files> Scanning C:\Users\MQ10001357\OneDrive - Macquarie University\Teaching\Comp3310\codeQL\workshopExamples\app\build\classes\java...
[2022-03-13 17:04:14] [PROGRESS] resolve files> Scanning C:\Users\MQ10001357\OneDrive - Macquarie University\Teaching\Comp3310\codeQL\workshopExamples\app\build\classes\java\main...
[2022-03-13 17:04:14] [PROGRESS] resolve files> Scanning C:\Users\MQ10001357\OneDrive - Macquarie University\Teaching\Comp3310\codeQL\workshopExamples\app\build\classes\java\main\workshopExamples...
[2022-03-13 17:04:14] [PROGRESS] resolve files> Scanning C:\Users\MQ10001357\OneDrive - Macquarie University\Teaching\Comp3310\codeQL\workshopExamples\app\build\classes\java\test...
[2022-03-13 17:04:14] [PROGRESS] resolve files> Scanning C:\Users\MQ10001357\OneDrive - Macquarie University\Teaching\Comp3310\codeQL\workshopExamples\app\build\classes\java\test\workshopExamples...
[2022-03-13 17:04:14] [PROGRESS] resolve files> Scanning C:\Users\MQ10001357\OneDrive - Macquarie University\Teaching\Comp3310\codeQL\workshopExamples\app\build\generated...
[2022-03-13 17:04:14] [PROGRESS] resolve files> Scanning C:\Users\MQ10001357\OneDrive - Macquarie University\Teaching\Comp3310\codeQL\workshopExamples\app\build\generated\sources...
[2022-03-13 17:04:14] [PROGRESS] resolve files> Scanning C:\Users\MQ10001357\OneDrive - Macquarie University\Teaching\Comp3310\codeQL\workshopExamples\app\build\generated\sources\annotationProcessor...
[2022-03-13 17:04:14] [PROGRESS] resolve files> Scanning C:\Users\MQ10001357\OneDrive - Macquarie University\Teaching\Comp3310\codeQL\workshopExamples\app\build\generated\sources\annotationProcessor\java...
[2022-03-13 17:04:14] [PROGRESS] resolve files> Scanning C:\Users\MQ10001357\OneDrive - Macquarie University\Teaching\Comp3310\codeQL\workshopExamples\app\build\generated\sources\annotationProcessor\java\main...
[2022-03-13 17:04:14] [PROGRESS] resolve files> Scanning C:\Users\MQ10001357\OneDrive - Macquarie University\Teaching\Comp3310\codeQL\workshopExamples\app\build\generated\sources\annotationProcessor\java\test...
[2022-03-13 17:04:14] [PROGRESS] resolve files> Scanning C:\Users\MQ10001357\OneDrive - Macquarie University\Teaching\Comp3310\codeQL\workshopExamples\app\build\generated\sources\headers...
[2022-03-13 17:04:14] [PROGRESS] resolve files> Scanning C:\Users\MQ10001357\OneDrive - Macquarie University\Teaching\Comp3310\codeQL\workshopExamples\app\build\generated\sources\headers\java...
[2022-03-13 17:04:14] [PROGRESS] resolve files> Scanning C:\Users\MQ10001357\OneDrive - Macquarie University\Teaching\Comp3310\codeQL\workshopExamples\app\build\generated\sources\headers\java\main...
[2022-03-13 17:04:14] [PROGRESS] resolve files> Scanning C:\Users\MQ10001357\OneDrive - Macquarie University\Teaching\Comp3310\codeQL\workshopExamples\app\build\generated\sources\headers\java\test...
[2022-03-13 17:04:14] [PROGRESS] resolve files> Scanning C:\Users\MQ10001357\OneDrive - Macquarie University\Teaching\Comp3310\codeQL\workshopExamples\app\build\tmp...
[2022-03-13 17:04:14] [PROGRESS] resolve files> Scanning C:\Users\MQ10001357\OneDrive - Macquarie University\Teaching\Comp3310\codeQL\workshopExamples\app\build\tmp\compileJava...
[2022-03-13 17:04:14] [PROGRESS] resolve files> Scanning C:\Users\MQ10001357\OneDrive - Macquarie University\Teaching\Comp3310\codeQL\workshopExamples\app\build\tmp\compileTestJava...
[2022-03-13 17:04:14] [PROGRESS] resolve files> Scanning C:\Users\MQ10001357\OneDrive - Macquarie University\Teaching\Comp3310\codeQL\workshopExamples\app\src...
[2022-03-13 17:04:14] [PROGRESS] resolve files> Scanning C:\Users\MQ10001357\OneDrive - Macquarie University\Teaching\Comp3310\codeQL\workshopExamples\app\src\main...
[2022-03-13 17:04:14] [PROGRESS] resolve files> Scanning C:\Users\MQ10001357\OneDrive - Macquarie University\Teaching\Comp3310\codeQL\workshopExamples\app\src\main\java...
[2022-03-13 17:04:14] [PROGRESS] resolve files> Scanning C:\Users\MQ10001357\OneDrive - Macquarie University\Teaching\Comp3310\codeQL\workshopExamples\app\src\main\java\workshopExamples...
[2022-03-13 17:04:14] [PROGRESS] resolve files> Scanning C:\Users\MQ10001357\OneDrive - Macquarie University\Teaching\Comp3310\codeQL\workshopExamples\app\src\main\resources...
[2022-03-13 17:04:14] [PROGRESS] resolve files> Scanning C:\Users\MQ10001357\OneDrive - Macquarie University\Teaching\Comp3310\codeQL\workshopExamples\app\src\test...
[2022-03-13 17:04:14] [PROGRESS] resolve files> Scanning C:\Users\MQ10001357\OneDrive - Macquarie University\Teaching\Comp3310\codeQL\workshopExamples\app\src\test\java...
[2022-03-13 17:04:14] [PROGRESS] resolve files> Scanning C:\Users\MQ10001357\OneDrive - Macquarie University\Teaching\Comp3310\codeQL\workshopExamples\app\src\test\java\workshopExamples...
[2022-03-13 17:04:14] [PROGRESS] resolve files> Scanning C:\Users\MQ10001357\OneDrive - Macquarie University\Teaching\Comp3310\codeQL\workshopExamples\app\src\test\resources...
[2022-03-13 17:04:14] [PROGRESS] resolve files> Scanning C:\Users\MQ10001357\OneDrive - Macquarie University\Teaching\Comp3310\codeQL\workshopExamples\gradle...
[2022-03-13 17:04:14] [PROGRESS] resolve files> Scanning C:\Users\MQ10001357\OneDrive - Macquarie University\Teaching\Comp3310\codeQL\workshopExamples\gradle\wrapper...
[2022-03-13 17:04:14] Plumbing command codeql resolve files completed:
                      [ ]
[2022-03-13 17:04:14] [DETAILS] database index-files> Found 0 files.
[2022-03-13 17:04:14] Terminating normally.
