[2022-03-13 17:03:25] This is codeql database create C:/Users/MQ10001357/OneDrive - Macquarie University/Teaching/Comp3310/codeQL/workshop_example_qb/ --language=java
[2022-03-13 17:03:25] Log file was started late.
[2022-03-13 17:03:25] [PROGRESS] database create> Initializing database at C:\Users\MQ10001357\OneDrive - Macquarie University\Teaching\Comp3310\codeQL\workshop_example_qb.
[2022-03-13 17:03:25] Running plumbing command: codeql database init --language=java --source-root=C:\Users\MQ10001357\OneDrive - Macquarie University\Teaching\Comp3310\codeQL\workshopExamples --allow-missing-source-root=false --allow-already-existing -- C:\Users\MQ10001357\OneDrive - Macquarie University\Teaching\Comp3310\codeQL\workshop_example_qb
[2022-03-13 17:03:25] [PROGRESS] database init> Counting lines of code in C:\Users\MQ10001357\OneDrive - Macquarie University\Teaching\Comp3310\codeQL\workshopExamples
[2022-03-13 17:03:26] [PROGRESS] database init> Resolving extractor java.
[2022-03-13 17:03:26] Calling plumbing command: codeql resolve languages --format=json
[2022-03-13 17:03:26] [DETAILS] resolve languages> Scanning for [codeql-extractor.yml] from C:\Users\MQ10001357\codeqlwin64\codeql\.codeqlmanifest.json
[2022-03-13 17:03:26] [DETAILS] resolve languages> Parsing C:\Users\MQ10001357\codeqlwin64\codeql\cpp\codeql-extractor.yml.
[2022-03-13 17:03:26] [DETAILS] resolve languages> Parsing C:\Users\MQ10001357\codeqlwin64\codeql\csharp\codeql-extractor.yml.
[2022-03-13 17:03:26] [DETAILS] resolve languages> Parsing C:\Users\MQ10001357\codeqlwin64\codeql\csv\codeql-extractor.yml.
[2022-03-13 17:03:26] [DETAILS] resolve languages> Parsing C:\Users\MQ10001357\codeqlwin64\codeql\go\codeql-extractor.yml.
[2022-03-13 17:03:26] [DETAILS] resolve languages> Parsing C:\Users\MQ10001357\codeqlwin64\codeql\html\codeql-extractor.yml.
[2022-03-13 17:03:26] [DETAILS] resolve languages> Parsing C:\Users\MQ10001357\codeqlwin64\codeql\java\codeql-extractor.yml.
[2022-03-13 17:03:26] [DETAILS] resolve languages> Parsing C:\Users\MQ10001357\codeqlwin64\codeql\javascript\codeql-extractor.yml.
[2022-03-13 17:03:26] [DETAILS] resolve languages> Parsing C:\Users\MQ10001357\codeqlwin64\codeql\properties\codeql-extractor.yml.
[2022-03-13 17:03:26] [DETAILS] resolve languages> Parsing C:\Users\MQ10001357\codeqlwin64\codeql\python\codeql-extractor.yml.
[2022-03-13 17:03:26] [DETAILS] resolve languages> Parsing C:\Users\MQ10001357\codeqlwin64\codeql\ruby\codeql-extractor.yml.
[2022-03-13 17:03:26] [DETAILS] resolve languages> Parsing C:\Users\MQ10001357\codeqlwin64\codeql\xml\codeql-extractor.yml.
[2022-03-13 17:03:26] Plumbing command codeql resolve languages completed:
                      {
                        "extractors" : {
                          "cpp" : [
                            {
                              "extractor_root" : "C:\\Users\\MQ10001357\\codeqlwin64\\codeql\\cpp"
                            }
                          ],
                          "csharp" : [
                            {
                              "extractor_root" : "C:\\Users\\MQ10001357\\codeqlwin64\\codeql\\csharp"
                            }
                          ],
                          "csv" : [
                            {
                              "extractor_root" : "C:\\Users\\MQ10001357\\codeqlwin64\\codeql\\csv"
                            }
                          ],
                          "go" : [
                            {
                              "extractor_root" : "C:\\Users\\MQ10001357\\codeqlwin64\\codeql\\go"
                            }
                          ],
                          "html" : [
                            {
                              "extractor_root" : "C:\\Users\\MQ10001357\\codeqlwin64\\codeql\\html"
                            }
                          ],
                          "java" : [
                            {
                              "extractor_root" : "C:\\Users\\MQ10001357\\codeqlwin64\\codeql\\java",
                              "extractor_options" : {
                                "exclude" : {
                                  "title" : "A glob excluding files from analysis.",
                                  "description" : "A glob indicating what files to exclude from the analysis.\n",
                                  "type" : "string"
                                }
                              }
                            }
                          ],
                          "javascript" : [
                            {
                              "extractor_root" : "C:\\Users\\MQ10001357\\codeqlwin64\\codeql\\javascript"
                            }
                          ],
                          "properties" : [
                            {
                              "extractor_root" : "C:\\Users\\MQ10001357\\codeqlwin64\\codeql\\properties"
                            }
                          ],
                          "python" : [
                            {
                              "extractor_root" : "C:\\Users\\MQ10001357\\codeqlwin64\\codeql\\python"
                            }
                          ],
                          "ruby" : [
                            {
                              "extractor_root" : "C:\\Users\\MQ10001357\\codeqlwin64\\codeql\\ruby"
                            }
                          ],
                          "xml" : [
                            {
                              "extractor_root" : "C:\\Users\\MQ10001357\\codeqlwin64\\codeql\\xml"
                            }
                          ]
                        }
                      }
[2022-03-13 17:03:26] [DETAILS] database init> Found candidate extractor root for java: C:\Users\MQ10001357\codeqlwin64\codeql\java.
[2022-03-13 17:03:26] [PROGRESS] database init> Successfully loaded extractor Java (java) from C:\Users\MQ10001357\codeqlwin64\codeql\java.
[2022-03-13 17:03:26] [PROGRESS] database init> Created skeleton CodeQL database at C:\Users\MQ10001357\OneDrive - Macquarie University\Teaching\Comp3310\codeQL\workshop_example_qb. This in-progress database is ready to be populated by an extractor.
[2022-03-13 17:03:26] Plumbing command codeql database init completed.
[2022-03-13 17:03:26] Using autobuild script C:\Users\MQ10001357\codeqlwin64\codeql\java\tools\autobuild.cmd.
[2022-03-13 17:03:26] [DETAILS] database create> Detected autobuild command for Java: C:\Users\MQ10001357\codeqlwin64\codeql\java\tools\autobuild.cmd.
[2022-03-13 17:03:26] [PROGRESS] database create> Running build command: [C:\Users\MQ10001357\codeqlwin64\codeql\java\tools\autobuild.cmd]
[2022-03-13 17:03:26] Running plumbing command: codeql database trace-command --working-dir=C:\Users\MQ10001357\OneDrive - Macquarie University\Teaching\Comp3310\codeQL\workshopExamples --index-traceless-dbs --no-db-cluster -- C:\Users\MQ10001357\OneDrive - Macquarie University\Teaching\Comp3310\codeQL\workshop_example_qb C:\Users\MQ10001357\codeqlwin64\codeql\java\tools\autobuild.cmd
[2022-03-13 17:03:27] Setting up tracing from specification at C:\Users\MQ10001357\codeqlwin64\codeql\java\tools\compiler-tracing.spec.
[2022-03-13 17:03:27] Picked up extra JVM args: '-javaagent:C:\Users\MQ10001357\codeqlwin64\codeql\java\tools/codeql-java-agent.jar=ignore-project,java' '-Xbootclasspath/a:C:\Users\MQ10001357\codeqlwin64\codeql\java\tools/codeql-java-agent.jar'
[2022-03-13 17:03:27] [PROGRESS] database trace-command> Running command in C:\Users\MQ10001357\OneDrive - Macquarie University\Teaching\Comp3310\codeQL\workshopExamples: [C:\Users\MQ10001357\codeqlwin64\codeql\java\tools\autobuild.cmd]
[2022-03-13 17:03:29] [build-stdout] [2022-03-13 17:03:29] Build directory is C:\Users\MQ10001357\OneDrive - Macquarie University\Teaching\Comp3310\codeQL\workshopExamples\.
[2022-03-13 17:03:29] [build-stdout] [2022-03-13 17:03:29] [autobuild] > gradlew.bat --no-daemon -S -Dorg.gradle.dependency.verification=off --init-script "C:\\Users\\MQ1000~1\\AppData\\Local\\Temp\\semmleTempDir-2\\init.gradle" clean
[2022-03-13 17:03:30] [build-stdout] [2022-03-13 17:03:30] [autobuild] To honour the JVM settings for this build a single-use Daemon process will be forked. See https://docs.gradle.org/7.3.3/userguide/gradle_daemon.html#sec:disabling_the_daemon.
[2022-03-13 17:03:35] [build-stdout] [2022-03-13 17:03:35] [autobuild] Daemon will be stopped at the end of the build 
[2022-03-13 17:03:40] [build-stdout] [2022-03-13 17:03:40] [autobuild] > Task :app:clean UP-TO-DATE
[2022-03-13 17:03:40] [build-stdout] [2022-03-13 17:03:40] [autobuild] BUILD SUCCESSFUL in 10s
[2022-03-13 17:03:40] [build-stdout] [2022-03-13 17:03:40] [autobuild] 1 actionable task: 1 up-to-date
[2022-03-13 17:03:40] [build-stdout] [2022-03-13 17:03:40] [autobuild] > gradlew.bat --no-daemon -S -Dorg.gradle.dependency.verification=off --init-script "C:\\Users\\MQ1000~1\\AppData\\Local\\Temp\\semmleTempDir-2\\init.gradle" testClasses
[2022-03-13 17:03:41] [build-stdout] [2022-03-13 17:03:41] [autobuild] To honour the JVM settings for this build a single-use Daemon process will be forked. See https://docs.gradle.org/7.3.3/userguide/gradle_daemon.html#sec:disabling_the_daemon.
[2022-03-13 17:03:46] [build-stdout] [2022-03-13 17:03:46] [autobuild] Daemon will be stopped at the end of the build 
[2022-03-13 17:04:07] [build-stdout] [2022-03-13 17:04:07] [autobuild] > Task :app:compileJava
[2022-03-13 17:04:07] [build-stdout] [2022-03-13 17:04:07] [autobuild] > Task :app:processResources NO-SOURCE
[2022-03-13 17:04:07] [build-stdout] [2022-03-13 17:04:07] [autobuild] > Task :app:classes
[2022-03-13 17:04:11] [build-stdout] [2022-03-13 17:04:11] [autobuild] > Task :app:compileTestJava
[2022-03-13 17:04:11] [build-stdout] [2022-03-13 17:04:11] [autobuild] > Task :app:processTestResources NO-SOURCE
[2022-03-13 17:04:11] [build-stdout] [2022-03-13 17:04:11] [autobuild] > Task :app:testClasses
[2022-03-13 17:04:11] [build-stdout] [2022-03-13 17:04:11] [autobuild] BUILD SUCCESSFUL in 31s
[2022-03-13 17:04:11] [build-stdout] [2022-03-13 17:04:11] [autobuild] 2 actionable tasks: 2 executed
[2022-03-13 17:04:11] Plumbing command codeql database trace-command completed.
[2022-03-13 17:04:11] [PROGRESS] database create> Finalizing database at C:\Users\MQ10001357\OneDrive - Macquarie University\Teaching\Comp3310\codeQL\workshop_example_qb.
[2022-03-13 17:04:12] Running plumbing command: codeql database finalize --mode=normal --no-db-cluster -- C:\Users\MQ10001357\OneDrive - Macquarie University\Teaching\Comp3310\codeQL\workshop_example_qb
[2022-03-13 17:04:12] Using pre-finalize script C:\Users\MQ10001357\codeqlwin64\codeql\java\tools\pre-finalize.cmd.
[2022-03-13 17:04:12] [PROGRESS] database finalize> Running pre-finalize script C:\Users\MQ10001357\codeqlwin64\codeql\java\tools\pre-finalize.cmd in C:\Users\MQ10001357\OneDrive - Macquarie University\Teaching\Comp3310\codeQL\workshopExamples.
[2022-03-13 17:04:12] Running plumbing command: codeql database trace-command --working-dir=C:\Users\MQ10001357\OneDrive - Macquarie University\Teaching\Comp3310\codeQL\workshopExamples --no-tracing -- C:\Users\MQ10001357\OneDrive - Macquarie University\Teaching\Comp3310\codeQL\workshop_example_qb C:\Users\MQ10001357\codeqlwin64\codeql\java\tools\pre-finalize.cmd
[2022-03-13 17:04:12] [PROGRESS] database trace-command> Running command in C:\Users\MQ10001357\OneDrive - Macquarie University\Teaching\Comp3310\codeQL\workshopExamples: [C:\Users\MQ10001357\codeqlwin64\codeql\java\tools\pre-finalize.cmd]
[2022-03-13 17:04:14] [build-stderr] Scanning for files in C:\Users\MQ10001357\OneDrive - Macquarie University\Teaching\Comp3310\codeQL\workshopExamples...
[2022-03-13 17:04:14] Plumbing command codeql database trace-command completed.
[2022-03-13 17:04:14] [PROGRESS] database finalize> Running TRAP import for CodeQL database at C:\Users\MQ10001357\OneDrive - Macquarie University\Teaching\Comp3310\codeQL\workshop_example_qb...
[2022-03-13 17:04:14] Running plumbing command: codeql dataset import --dbscheme=C:\Users\MQ10001357\codeqlwin64\codeql\java\semmlecode.dbscheme -- C:\Users\MQ10001357\OneDrive - Macquarie University\Teaching\Comp3310\codeQL\workshop_example_qb\db-java C:\Users\MQ10001357\OneDrive - Macquarie University\Teaching\Comp3310\codeQL\workshop_example_qb\trap\java
[2022-03-13 17:04:14] Clearing disk cache since the version file C:\Users\MQ10001357\OneDrive - Macquarie University\Teaching\Comp3310\codeQL\workshop_example_qb\db-java\default\cache\version does not exist
[2022-03-13 17:04:14] Tuple pool not found. Clearing relations with cached strings
[2022-03-13 17:04:14] Trimming disk cache at C:\Users\MQ10001357\OneDrive - Macquarie University\Teaching\Comp3310\codeQL\workshop_example_qb\db-java\default\cache in mode brutal.
[2022-03-13 17:04:14] Sequence stamp origin is -6479424364059894794
[2022-03-13 17:04:14] Pausing evaluation to hard-clear memory at sequence stamp o+0
[2022-03-13 17:04:14] Unpausing evaluation
[2022-03-13 17:04:14] Pausing evaluation to quickly trim disk at sequence stamp o+1
[2022-03-13 17:04:14] Unpausing evaluation
[2022-03-13 17:04:14] Pausing evaluation to zealously trim disk at sequence stamp o+2
[2022-03-13 17:04:14] Unpausing evaluation
[2022-03-13 17:04:14] Trimming completed (15ms): Purged everything.
[2022-03-13 17:04:14] Scanning for files in C:\Users\MQ10001357\OneDrive - Macquarie University\Teaching\Comp3310\codeQL\workshop_example_qb\trap\java
[2022-03-13 17:04:15] Importing App.java.trap.gz (1 of 586)
[2022-03-13 17:04:15] Importing AppTest.java.trap.gz (2 of 586)
[2022-03-13 17:04:15] Importing Closeable.members.trap.gz (3 of 586)
[2022-03-13 17:04:15] Importing Console.members.trap.gz (4 of 586)
[2022-03-13 17:04:15] Importing DataInput.members.trap.gz (5 of 586)
[2022-03-13 17:04:15] Importing DataOutput.members.trap.gz (6 of 586)
[2022-03-13 17:04:15] Importing File.members.trap.gz (7 of 586)
[2022-03-13 17:04:15] Importing FileDescriptor.members.trap.gz (8 of 586)
[2022-03-13 17:04:15] Importing FileFilter.members.trap.gz (9 of 586)
[2022-03-13 17:04:15] Importing FileNotFoundException.members.trap.gz (10 of 586)
[2022-03-13 17:04:15] Importing FilenameFilter.members.trap.gz (11 of 586)
[2022-03-13 17:04:15] Importing FilterOutputStream.members.trap.gz (12 of 586)
[2022-03-13 17:04:15] Importing Flushable.members.trap.gz (13 of 586)
[2022-03-13 17:04:15] Importing IOException.members.trap.gz (14 of 586)
[2022-03-13 17:04:15] Importing InputStream.members.trap.gz (15 of 586)
[2022-03-13 17:04:15] Importing InvalidClassException.members.trap.gz (16 of 586)
[2022-03-13 17:04:15] Importing InvalidObjectException.members.trap.gz (17 of 586)
[2022-03-13 17:04:15] Importing NotActiveException.members.trap.gz (18 of 586)
[2022-03-13 17:04:15] Importing ObjectInput.members.trap.gz (19 of 586)
[2022-03-13 17:04:15] Importing ObjectInputFilter$FilterInfo.members.trap.gz (20 of 586)
[2022-03-13 17:04:15] Importing ObjectInputFilter$Status.members.trap.gz (21 of 586)
[2022-03-13 17:04:15] Importing ObjectInputFilter.members.trap.gz (22 of 586)
[2022-03-13 17:04:15] Importing ObjectInputStream$GetField.members.trap.gz (23 of 586)
[2022-03-13 17:04:15] Importing ObjectInputStream.members.trap.gz (24 of 586)
[2022-03-13 17:04:15] Importing ObjectInputValidation.members.trap.gz (25 of 586)
[2022-03-13 17:04:15] Importing ObjectOutput.members.trap.gz (26 of 586)
[2022-03-13 17:04:15] Importing ObjectOutputStream$PutField.members.trap.gz (27 of 586)
[2022-03-13 17:04:15] Importing ObjectOutputStream.members.trap.gz (28 of 586)
[2022-03-13 17:04:15] Importing ObjectStreamClass$ClassDataSlot.members.trap.gz (29 of 586)
[2022-03-13 17:04:15] Importing ObjectStreamClass.members.trap.gz (30 of 586)
[2022-03-13 17:04:15] Importing ObjectStreamConstants.members.trap.gz (31 of 586)
[2022-03-13 17:04:15] Importing ObjectStreamException.members.trap.gz (32 of 586)
[2022-03-13 17:04:15] Importing ObjectStreamField.members.trap.gz (33 of 586)
[2022-03-13 17:04:15] Importing OptionalDataException.members.trap.gz (34 of 586)
[2022-03-13 17:04:15] Importing OutputStream.members.trap.gz (35 of 586)
[2022-03-13 17:04:15] Importing PrintStream.members.trap.gz (36 of 586)
[2022-03-13 17:04:15] Importing PrintWriter.members.trap.gz (37 of 586)
[2022-03-13 17:04:15] Importing Reader.members.trap.gz (38 of 586)
[2022-03-13 17:04:15] Importing Serializable.members.trap.gz (39 of 586)
[2022-03-13 17:04:15] Importing SerializablePermission.members.trap.gz (40 of 586)
[2022-03-13 17:04:15] Importing StreamCorruptedException.members.trap.gz (41 of 586)
[2022-03-13 17:04:15] Importing SyncFailedException.members.trap.gz (42 of 586)
[2022-03-13 17:04:15] Importing UnsupportedEncodingException.members.trap.gz (43 of 586)
[2022-03-13 17:04:15] Importing Writer.members.trap.gz (44 of 586)
[2022-03-13 17:04:15] Importing AbstractStringBuilder.members.trap.gz (45 of 586)
[2022-03-13 17:04:15] Importing Appendable.members.trap.gz (46 of 586)
[2022-03-13 17:04:15] Importing ArrayIndexOutOfBoundsException.members.trap.gz (47 of 586)
[2022-03-13 17:04:15] Importing AssertionError.members.trap.gz (48 of 586)
[2022-03-13 17:04:15] Importing AutoCloseable.members.trap.gz (49 of 586)
[2022-03-13 17:04:15] Importing Boolean.members.trap.gz (50 of 586)
[2022-03-13 17:04:15] Importing Byte.members.trap.gz (51 of 586)
[2022-03-13 17:04:15] Importing CharSequence.members.trap.gz (52 of 586)
[2022-03-13 17:04:15] Importing Character.members.trap.gz (53 of 586)
[2022-03-13 17:04:15] Importing Class.members.trap.gz (54 of 586)
[2022-03-13 17:04:15] Importing ClassFormatError.members.trap.gz (55 of 586)
[2022-03-13 17:04:15] Importing ClassLoader.members.trap.gz (56 of 586)
[2022-03-13 17:04:15] Importing ClassNotFoundException.members.trap.gz (57 of 586)
[2022-03-13 17:04:15] Importing ClassValue$ClassValueMap.members.trap.gz (58 of 586)
[2022-03-13 17:04:15] Importing ClassValue$Entry.members.trap.gz (59 of 586)
[2022-03-13 17:04:15] Importing ClassValue$Identity.members.trap.gz (60 of 586)
[2022-03-13 17:04:15] Importing ClassValue$Version.members.trap.gz (61 of 586)
[2022-03-13 17:04:15] Importing ClassValue.members.trap.gz (62 of 586)
[2022-03-13 17:04:15] Importing CloneNotSupportedException.members.trap.gz (63 of 586)
[2022-03-13 17:04:15] Importing Cloneable.members.trap.gz (64 of 586)
[2022-03-13 17:04:15] Importing Comparable.members.trap.gz (65 of 586)
[2022-03-13 17:04:15] Importing Deprecated.members.trap.gz (66 of 586)
[2022-03-13 17:04:15] Importing Double.members.trap.gz (67 of 586)
[2022-03-13 17:04:15] Importing Enum$EnumDesc.members.trap.gz (68 of 586)
[2022-03-13 17:04:15] Importing Enum.members.trap.gz (69 of 586)
[2022-03-13 17:04:15] Importing Error.members.trap.gz (70 of 586)
[2022-03-13 17:04:15] Importing Exception.members.trap.gz (71 of 586)
[2022-03-13 17:04:15] Importing Float.members.trap.gz (72 of 586)
[2022-03-13 17:04:15] Importing FunctionalInterface.members.trap.gz (73 of 586)
[2022-03-13 17:04:15] Importing IllegalAccessException.members.trap.gz (74 of 586)
[2022-03-13 17:04:15] Importing IllegalArgumentException.members.trap.gz (75 of 586)
[2022-03-13 17:04:15] Importing IndexOutOfBoundsException.members.trap.gz (76 of 586)
[2022-03-13 17:04:15] Importing InstantiationException.members.trap.gz (77 of 586)
[2022-03-13 17:04:15] Importing Integer.members.trap.gz (78 of 586)
[2022-03-13 17:04:15] Importing InternalError.members.trap.gz (79 of 586)
[2022-03-13 17:04:15] Importing InterruptedException.members.trap.gz (80 of 586)
[2022-03-13 17:04:15] Importing Iterable.members.trap.gz (81 of 586)
[2022-03-13 17:04:15] Importing LinkageError.members.trap.gz (82 of 586)
[2022-03-13 17:04:15] Importing Long.members.trap.gz (83 of 586)
[2022-03-13 17:04:15] Importing Module.members.trap.gz (84 of 586)
[2022-03-13 17:04:15] Importing ModuleLayer$Controller.members.trap.gz (85 of 586)
[2022-03-13 17:04:15] Importing ModuleLayer.members.trap.gz (86 of 586)
[2022-03-13 17:04:15] Importing NamedPackage.members.trap.gz (87 of 586)
[2022-03-13 17:04:15] Importing NoSuchFieldException.members.trap.gz (88 of 586)
[2022-03-13 17:04:15] Importing NoSuchMethodException.members.trap.gz (89 of 586)
[2022-03-13 17:04:15] Importing Number.members.trap.gz (90 of 586)
[2022-03-13 17:04:15] Importing NumberFormatException.members.trap.gz (91 of 586)
[2022-03-13 17:04:15] Importing Object.members.trap.gz (92 of 586)
[2022-03-13 17:04:15] Importing Package.members.trap.gz (93 of 586)
[2022-03-13 17:04:15] Importing Readable.members.trap.gz (94 of 586)
[2022-03-13 17:04:15] Importing ReflectiveOperationException.members.trap.gz (95 of 586)
[2022-03-13 17:04:15] Importing Runnable.members.trap.gz (96 of 586)
[2022-03-13 17:04:15] Importing RuntimeException.members.trap.gz (97 of 586)
[2022-03-13 17:04:15] Importing SafeVarargs.members.trap.gz (98 of 586)
[2022-03-13 17:04:15] Importing SecurityException.members.trap.gz (99 of 586)
[2022-03-13 17:04:15] Importing SecurityManager.members.trap.gz (100 of 586)
[2022-03-13 17:04:15] Importing Short.members.trap.gz (101 of 586)
[2022-03-13 17:04:15] Importing StackFrameInfo.members.trap.gz (102 of 586)
[2022-03-13 17:04:15] Importing StackTraceElement.members.trap.gz (103 of 586)
[2022-03-13 17:04:15] Importing StackWalker$ExtendedOption.members.trap.gz (104 of 586)
[2022-03-13 17:04:15] Importing StackWalker$Option.members.trap.gz (105 of 586)
[2022-03-13 17:04:15] Importing StackWalker$StackFrame.members.trap.gz (106 of 586)
[2022-03-13 17:04:15] Importing StackWalker.members.trap.gz (107 of 586)
[2022-03-13 17:04:15] Importing String.members.trap.gz (108 of 586)
[2022-03-13 17:04:15] Importing StringBuffer.members.trap.gz (109 of 586)
[2022-03-13 17:04:15] Importing StringBuilder.members.trap.gz (110 of 586)
[2022-03-13 17:04:15] Importing System$Logger$Level.members.trap.gz (111 of 586)
[2022-03-13 17:04:15] Importing System$Logger.members.trap.gz (112 of 586)
[2022-03-13 17:04:15] Importing System.members.trap.gz (113 of 586)
[2022-03-13 17:04:15] Importing Thread$State.members.trap.gz (114 of 586)
[2022-03-13 17:04:15] Importing Thread$UncaughtExceptionHandler.members.trap.gz (115 of 586)
[2022-03-13 17:04:15] Importing Thread.members.trap.gz (116 of 586)
[2022-03-13 17:04:15] Importing ThreadGroup.members.trap.gz (117 of 586)
[2022-03-13 17:04:15] Importing ThreadLocal$ThreadLocalMap.members.trap.gz (118 of 586)
[2022-03-13 17:04:15] Importing ThreadLocal.members.trap.gz (119 of 586)
[2022-03-13 17:04:15] Importing Throwable.members.trap.gz (120 of 586)
[2022-03-13 17:04:15] Importing TypeNotPresentException.members.trap.gz (121 of 586)
[2022-03-13 17:04:15] Importing UnsupportedOperationException.members.trap.gz (122 of 586)
[2022-03-13 17:04:15] Importing VirtualMachineError.members.trap.gz (123 of 586)
[2022-03-13 17:04:15] Importing Void.members.trap.gz (124 of 586)
[2022-03-13 17:04:15] Importing Annotation.members.trap.gz (125 of 586)
[2022-03-13 17:04:15] Importing Documented.members.trap.gz (126 of 586)
[2022-03-13 17:04:15] Importing ElementType.members.trap.gz (127 of 586)
[2022-03-13 17:04:15] Importing Inherited.members.trap.gz (128 of 586)
[2022-03-13 17:04:15] Importing Retention.members.trap.gz (129 of 586)
[2022-03-13 17:04:15] Importing RetentionPolicy.members.trap.gz (130 of 586)
[2022-03-13 17:04:15] Importing Target.members.trap.gz (131 of 586)
[2022-03-13 17:04:15] Importing ClassDesc.members.trap.gz (132 of 586)
[2022-03-13 17:04:15] Importing Constable.members.trap.gz (133 of 586)
[2022-03-13 17:04:15] Importing ConstantDesc.members.trap.gz (134 of 586)
[2022-03-13 17:04:15] Importing DirectMethodHandleDesc$Kind.members.trap.gz (135 of 586)
[2022-03-13 17:04:15] Importing DirectMethodHandleDesc.members.trap.gz (136 of 586)
[2022-03-13 17:04:15] Importing DynamicConstantDesc.members.trap.gz (137 of 586)
[2022-03-13 17:04:15] Importing MethodHandleDesc.members.trap.gz (138 of 586)
[2022-03-13 17:04:15] Importing MethodTypeDesc.members.trap.gz (139 of 586)
[2022-03-13 17:04:15] Importing BoundMethodHandle$Specializer$Factory.members.trap.gz (140 of 586)
[2022-03-13 17:04:15] Importing BoundMethodHandle$Specializer.members.trap.gz (141 of 586)
[2022-03-13 17:04:15] Importing BoundMethodHandle$SpeciesData.members.trap.gz (142 of 586)
[2022-03-13 17:04:15] Importing BoundMethodHandle.members.trap.gz (143 of 586)
[2022-03-13 17:04:15] Importing CallSite.members.trap.gz (144 of 586)
[2022-03-13 17:04:15] Importing ClassSpecializer$Factory.members.trap.gz (145 of 586)
[2022-03-13 17:04:15] Importing ClassSpecializer$SpeciesData.members.trap.gz (146 of 586)
[2022-03-13 17:04:15] Importing ClassSpecializer.members.trap.gz (147 of 586)
[2022-03-13 17:04:15] Importing DirectMethodHandle.members.trap.gz (148 of 586)
[2022-03-13 17:04:15] Importing Invokers.members.trap.gz (149 of 586)
[2022-03-13 17:04:15] Importing LambdaForm$BasicType.members.trap.gz (150 of 586)
[2022-03-13 17:04:15] Importing LambdaForm$Hidden.members.trap.gz (151 of 586)
[2022-03-13 17:04:15] Importing LambdaForm$Kind.members.trap.gz (152 of 586)
[2022-03-13 17:04:15] Importing LambdaForm$Name.members.trap.gz (153 of 586)
[2022-03-13 17:04:15] Importing LambdaForm$NamedFunction.members.trap.gz (154 of 586)
[2022-03-13 17:04:15] Importing LambdaForm.members.trap.gz (155 of 586)
[2022-03-13 17:04:15] Importing LambdaFormEditor.members.trap.gz (156 of 586)
[2022-03-13 17:04:15] Importing MemberName$Factory.members.trap.gz (157 of 586)
[2022-03-13 17:04:15] Importing MemberName.members.trap.gz (158 of 586)
[2022-03-13 17:04:15] Importing MethodHandle$PolymorphicSignature.members.trap.gz (159 of 586)
[2022-03-13 17:04:15] Importing MethodHandle.members.trap.gz (160 of 586)
[2022-03-13 17:04:15] Importing MethodHandleImpl$ArrayAccess.members.trap.gz (161 of 586)
[2022-03-13 17:04:15] Importing MethodHandleImpl$Intrinsic.members.trap.gz (162 of 586)
[2022-03-13 17:04:15] Importing MethodHandleImpl$LoopClauses.members.trap.gz (163 of 586)
[2022-03-13 17:04:15] Importing MethodHandleImpl.members.trap.gz (164 of 586)
[2022-03-13 17:04:15] Importing MethodHandleInfo.members.trap.gz (165 of 586)
[2022-03-13 17:04:15] Importing MethodHandles$Lookup.members.trap.gz (166 of 586)
[2022-03-13 17:04:15] Importing MethodHandles.members.trap.gz (167 of 586)
[2022-03-13 17:04:15] Importing MethodType$ConcurrentWeakInternSet.members.trap.gz (168 of 586)
[2022-03-13 17:04:16] Importing MethodType.members.trap.gz (169 of 586)
[2022-03-13 17:04:16] Importing MethodTypeForm.members.trap.gz (170 of 586)
[2022-03-13 17:04:16] Importing TypeDescriptor$OfField.members.trap.gz (171 of 586)
[2022-03-13 17:04:16] Importing TypeDescriptor$OfMethod.members.trap.gz (172 of 586)
[2022-03-13 17:04:16] Importing TypeDescriptor.members.trap.gz (173 of 586)
[2022-03-13 17:04:16] Importing VarForm.members.trap.gz (174 of 586)
[2022-03-13 17:04:16] Importing VarHandle$AccessDescriptor.members.trap.gz (175 of 586)
[2022-03-13 17:04:16] Importing VarHandle$AccessMode.members.trap.gz (176 of 586)
[2022-03-13 17:04:16] Importing VarHandle$AccessType.members.trap.gz (177 of 586)
[2022-03-13 17:04:16] Importing VarHandle$TypesAndInvokers.members.trap.gz (178 of 586)
[2022-03-13 17:04:16] Importing VarHandle$VarHandleDesc.members.trap.gz (179 of 586)
[2022-03-13 17:04:16] Importing VarHandle.members.trap.gz (180 of 586)
[2022-03-13 17:04:16] Importing WrongMethodTypeException.members.trap.gz (181 of 586)
[2022-03-13 17:04:16] Importing Configuration.members.trap.gz (182 of 586)
[2022-03-13 17:04:16] Importing ModuleDescriptor$Builder.members.trap.gz (183 of 586)
[2022-03-13 17:04:16] Importing ModuleDescriptor$Exports$Modifier.members.trap.gz (184 of 586)
[2022-03-13 17:04:16] Importing ModuleDescriptor$Exports.members.trap.gz (185 of 586)
[2022-03-13 17:04:16] Importing ModuleDescriptor$Modifier.members.trap.gz (186 of 586)
[2022-03-13 17:04:16] Importing ModuleDescriptor$Opens$Modifier.members.trap.gz (187 of 586)
[2022-03-13 17:04:16] Importing ModuleDescriptor$Opens.members.trap.gz (188 of 586)
[2022-03-13 17:04:16] Importing ModuleDescriptor$Provides.members.trap.gz (189 of 586)
[2022-03-13 17:04:16] Importing ModuleDescriptor$Requires$Modifier.members.trap.gz (190 of 586)
[2022-03-13 17:04:16] Importing ModuleDescriptor$Requires.members.trap.gz (191 of 586)
[2022-03-13 17:04:16] Importing ModuleDescriptor$Version.members.trap.gz (192 of 586)
[2022-03-13 17:04:16] Importing ModuleDescriptor.members.trap.gz (193 of 586)
[2022-03-13 17:04:16] Importing ModuleFinder.members.trap.gz (194 of 586)
[2022-03-13 17:04:16] Importing ModuleReader.members.trap.gz (195 of 586)
[2022-03-13 17:04:16] Importing ModuleReference.members.trap.gz (196 of 586)
[2022-03-13 17:04:16] Importing ResolvedModule.members.trap.gz (197 of 586)
[2022-03-13 17:04:16] Importing Cleaner$Cleanable.members.trap.gz (198 of 586)
[2022-03-13 17:04:16] Importing Cleaner.members.trap.gz (199 of 586)
[2022-03-13 17:04:16] Importing PhantomReference.members.trap.gz (200 of 586)
[2022-03-13 17:04:16] Importing Reference.members.trap.gz (201 of 586)
[2022-03-13 17:04:16] Importing ReferenceQueue.members.trap.gz (202 of 586)
[2022-03-13 17:04:16] Importing SoftReference.members.trap.gz (203 of 586)
[2022-03-13 17:04:16] Importing WeakReference.members.trap.gz (204 of 586)
[2022-03-13 17:04:16] Importing AccessibleObject.members.trap.gz (205 of 586)
[2022-03-13 17:04:16] Importing AnnotatedElement.members.trap.gz (206 of 586)
[2022-03-13 17:04:16] Importing AnnotatedType.members.trap.gz (207 of 586)
[2022-03-13 17:04:16] Importing Constructor.members.trap.gz (208 of 586)
[2022-03-13 17:04:16] Importing Executable.members.trap.gz (209 of 586)
[2022-03-13 17:04:16] Importing Field.members.trap.gz (210 of 586)
[2022-03-13 17:04:16] Importing GenericDeclaration.members.trap.gz (211 of 586)
[2022-03-13 17:04:16] Importing InvocationTargetException.members.trap.gz (212 of 586)
[2022-03-13 17:04:16] Importing Member.members.trap.gz (213 of 586)
[2022-03-13 17:04:16] Importing Method.members.trap.gz (214 of 586)
[2022-03-13 17:04:16] Importing Parameter.members.trap.gz (215 of 586)
[2022-03-13 17:04:16] Importing ParameterizedType.members.trap.gz (216 of 586)
[2022-03-13 17:04:16] Importing Type.members.trap.gz (217 of 586)
[2022-03-13 17:04:16] Importing TypeVariable.members.trap.gz (218 of 586)
[2022-03-13 17:04:16] Importing WildcardType.members.trap.gz (219 of 586)
[2022-03-13 17:04:16] Importing BigInteger.members.trap.gz (220 of 586)
[2022-03-13 17:04:16] Importing ContentHandler.members.trap.gz (221 of 586)
[2022-03-13 17:04:16] Importing ContentHandlerFactory.members.trap.gz (222 of 586)
[2022-03-13 17:04:16] Importing FileNameMap.members.trap.gz (223 of 586)
[2022-03-13 17:04:16] Importing InetAddress$InetAddressHolder.members.trap.gz (224 of 586)
[2022-03-13 17:04:16] Importing InetAddress.members.trap.gz (225 of 586)
[2022-03-13 17:04:16] Importing InetAddressImpl.members.trap.gz (226 of 586)
[2022-03-13 17:04:16] Importing InterfaceAddress.members.trap.gz (227 of 586)
[2022-03-13 17:04:16] Importing MalformedURLException.members.trap.gz (228 of 586)
[2022-03-13 17:04:16] Importing NetworkInterface.members.trap.gz (229 of 586)
[2022-03-13 17:04:16] Importing Proxy$Type.members.trap.gz (230 of 586)
[2022-03-13 17:04:16] Importing Proxy.members.trap.gz (231 of 586)
[2022-03-13 17:04:16] Importing SocketAddress.members.trap.gz (232 of 586)
[2022-03-13 17:04:16] Importing SocketException.members.trap.gz (233 of 586)
[2022-03-13 17:04:16] Importing URI.members.trap.gz (234 of 586)
[2022-03-13 17:04:16] Importing URISyntaxException.members.trap.gz (235 of 586)
[2022-03-13 17:04:16] Importing URL.members.trap.gz (236 of 586)
[2022-03-13 17:04:16] Importing URLConnection.members.trap.gz (237 of 586)
[2022-03-13 17:04:16] Importing URLStreamHandler.members.trap.gz (238 of 586)
[2022-03-13 17:04:16] Importing URLStreamHandlerFactory.members.trap.gz (239 of 586)
[2022-03-13 17:04:16] Importing UnknownHostException.members.trap.gz (240 of 586)
[2022-03-13 17:04:16] Importing Buffer.members.trap.gz (241 of 586)
[2022-03-13 17:04:16] Importing ByteBuffer.members.trap.gz (242 of 586)
[2022-03-13 17:04:16] Importing ByteOrder.members.trap.gz (243 of 586)
[2022-03-13 17:04:16] Importing CharBuffer.members.trap.gz (244 of 586)
[2022-03-13 17:04:16] Importing DoubleBuffer.members.trap.gz (245 of 586)
[2022-03-13 17:04:16] Importing FloatBuffer.members.trap.gz (246 of 586)
[2022-03-13 17:04:16] Importing IntBuffer.members.trap.gz (247 of 586)
[2022-03-13 17:04:16] Importing LongBuffer.members.trap.gz (248 of 586)
[2022-03-13 17:04:16] Importing MappedByteBuffer.members.trap.gz (249 of 586)
[2022-03-13 17:04:16] Importing ShortBuffer.members.trap.gz (250 of 586)
[2022-03-13 17:04:16] Importing AsynchronousChannel.members.trap.gz (251 of 586)
[2022-03-13 17:04:16] Importing AsynchronousCloseException.members.trap.gz (252 of 586)
[2022-03-13 17:04:16] Importing AsynchronousFileChannel.members.trap.gz (253 of 586)
[2022-03-13 17:04:16] Importing ByteChannel.members.trap.gz (254 of 586)
[2022-03-13 17:04:16] Importing Channel.members.trap.gz (255 of 586)
[2022-03-13 17:04:16] Importing ClosedChannelException.members.trap.gz (256 of 586)
[2022-03-13 17:04:16] Importing CompletionHandler.members.trap.gz (257 of 586)
[2022-03-13 17:04:16] Importing FileChannel$MapMode.members.trap.gz (258 of 586)
[2022-03-13 17:04:16] Importing FileChannel.members.trap.gz (259 of 586)
[2022-03-13 17:04:16] Importing FileLock.members.trap.gz (260 of 586)
[2022-03-13 17:04:16] Importing GatheringByteChannel.members.trap.gz (261 of 586)
[2022-03-13 17:04:16] Importing InterruptibleChannel.members.trap.gz (262 of 586)
[2022-03-13 17:04:16] Importing ReadableByteChannel.members.trap.gz (263 of 586)
[2022-03-13 17:04:16] Importing ScatteringByteChannel.members.trap.gz (264 of 586)
[2022-03-13 17:04:16] Importing SeekableByteChannel.members.trap.gz (265 of 586)
[2022-03-13 17:04:16] Importing WritableByteChannel.members.trap.gz (266 of 586)
[2022-03-13 17:04:16] Importing AbstractInterruptibleChannel.members.trap.gz (267 of 586)
[2022-03-13 17:04:16] Importing CharacterCodingException.members.trap.gz (268 of 586)
[2022-03-13 17:04:16] Importing Charset.members.trap.gz (269 of 586)
[2022-03-13 17:04:16] Importing CharsetDecoder.members.trap.gz (270 of 586)
[2022-03-13 17:04:16] Importing CharsetEncoder.members.trap.gz (271 of 586)
[2022-03-13 17:04:16] Importing CoderResult.members.trap.gz (272 of 586)
[2022-03-13 17:04:16] Importing CodingErrorAction.members.trap.gz (273 of 586)
[2022-03-13 17:04:16] Importing AccessMode.members.trap.gz (274 of 586)
[2022-03-13 17:04:16] Importing CopyOption.members.trap.gz (275 of 586)
[2022-03-13 17:04:16] Importing DirectoryStream$Filter.members.trap.gz (276 of 586)
[2022-03-13 17:04:16] Importing DirectoryStream.members.trap.gz (277 of 586)
[2022-03-13 17:04:16] Importing FileStore.members.trap.gz (278 of 586)
[2022-03-13 17:04:16] Importing FileSystem.members.trap.gz (279 of 586)
[2022-03-13 17:04:16] Importing LinkOption.members.trap.gz (280 of 586)
[2022-03-13 17:04:16] Importing OpenOption.members.trap.gz (281 of 586)
[2022-03-13 17:04:16] Importing Path.members.trap.gz (282 of 586)
[2022-03-13 17:04:16] Importing PathMatcher.members.trap.gz (283 of 586)
[2022-03-13 17:04:16] Importing WatchEvent$Kind.members.trap.gz (284 of 586)
[2022-03-13 17:04:16] Importing WatchEvent$Modifier.members.trap.gz (285 of 586)
[2022-03-13 17:04:16] Importing WatchEvent.members.trap.gz (286 of 586)
[2022-03-13 17:04:16] Importing WatchKey.members.trap.gz (287 of 586)
[2022-03-13 17:04:16] Importing WatchService.members.trap.gz (288 of 586)
[2022-03-13 17:04:16] Importing Watchable.members.trap.gz (289 of 586)
[2022-03-13 17:04:16] Importing AttributeView.members.trap.gz (290 of 586)
[2022-03-13 17:04:16] Importing BasicFileAttributes.members.trap.gz (291 of 586)
[2022-03-13 17:04:16] Importing FileAttribute.members.trap.gz (292 of 586)
[2022-03-13 17:04:16] Importing FileAttributeView.members.trap.gz (293 of 586)
[2022-03-13 17:04:16] Importing FileStoreAttributeView.members.trap.gz (294 of 586)
[2022-03-13 17:04:16] Importing FileTime.members.trap.gz (295 of 586)
[2022-03-13 17:04:16] Importing GroupPrincipal.members.trap.gz (296 of 586)
[2022-03-13 17:04:16] Importing UserPrincipal.members.trap.gz (297 of 586)
[2022-03-13 17:04:16] Importing UserPrincipalLookupService.members.trap.gz (298 of 586)
[2022-03-13 17:04:16] Importing FileSystemProvider.members.trap.gz (299 of 586)
[2022-03-13 17:04:16] Importing AccessControlContext.members.trap.gz (300 of 586)
[2022-03-13 17:04:16] Importing AccessControlException.members.trap.gz (301 of 586)
[2022-03-13 17:04:16] Importing BasicPermission.members.trap.gz (302 of 586)
[2022-03-13 17:04:16] Importing CodeSigner.members.trap.gz (303 of 586)
[2022-03-13 17:04:16] Importing CodeSource.members.trap.gz (304 of 586)
[2022-03-13 17:04:16] Importing DomainCombiner.members.trap.gz (305 of 586)
[2022-03-13 17:04:16] Importing GeneralSecurityException.members.trap.gz (306 of 586)
[2022-03-13 17:04:16] Importing Guard.members.trap.gz (307 of 586)
[2022-03-13 17:04:16] Importing InvalidKeyException.members.trap.gz (308 of 586)
[2022-03-13 17:04:16] Importing Key.members.trap.gz (309 of 586)
[2022-03-13 17:04:16] Importing KeyException.members.trap.gz (310 of 586)
[2022-03-13 17:04:16] Importing NoSuchAlgorithmException.members.trap.gz (311 of 586)
[2022-03-13 17:04:16] Importing NoSuchProviderException.members.trap.gz (312 of 586)
[2022-03-13 17:04:16] Importing Permission.members.trap.gz (313 of 586)
[2022-03-13 17:04:16] Importing PermissionCollection.members.trap.gz (314 of 586)
[2022-03-13 17:04:16] Importing Principal.members.trap.gz (315 of 586)
[2022-03-13 17:04:16] Importing PrivilegedAction.members.trap.gz (316 of 586)
[2022-03-13 17:04:16] Importing PrivilegedActionException.members.trap.gz (317 of 586)
[2022-03-13 17:04:16] Importing PrivilegedExceptionAction.members.trap.gz (318 of 586)
[2022-03-13 17:04:16] Importing ProtectionDomain$Key.members.trap.gz (319 of 586)
[2022-03-13 17:04:16] Importing ProtectionDomain.members.trap.gz (320 of 586)
[2022-03-13 17:04:16] Importing Provider$Service.members.trap.gz (321 of 586)
[2022-03-13 17:04:16] Importing Provider.members.trap.gz (322 of 586)
[2022-03-13 17:04:16] Importing PublicKey.members.trap.gz (323 of 586)
[2022-03-13 17:04:16] Importing SignatureException.members.trap.gz (324 of 586)
[2022-03-13 17:04:16] Importing Timestamp.members.trap.gz (325 of 586)
[2022-03-13 17:04:16] Importing CertPath.members.trap.gz (326 of 586)
[2022-03-13 17:04:16] Importing Certificate.members.trap.gz (327 of 586)
[2022-03-13 17:04:16] Importing CertificateEncodingException.members.trap.gz (328 of 586)
[2022-03-13 17:04:16] Importing CertificateException.members.trap.gz (329 of 586)
[2022-03-13 17:04:16] Importing AttributedCharacterIterator$Attribute.members.trap.gz (330 of 586)
[2022-03-13 17:04:16] Importing AttributedCharacterIterator.members.trap.gz (331 of 586)
[2022-03-13 17:04:16] Importing CharacterIterator.members.trap.gz (332 of 586)
[2022-03-13 17:04:16] Importing FieldPosition.members.trap.gz (333 of 586)
[2022-03-13 17:04:16] Importing Format$Field.members.trap.gz (334 of 586)
[2022-03-13 17:04:16] Importing Format$FieldDelegate.members.trap.gz (335 of 586)
[2022-03-13 17:04:16] Importing Format.members.trap.gz (336 of 586)
[2022-03-13 17:04:16] Importing ParseException.members.trap.gz (337 of 586)
[2022-03-13 17:04:16] Importing ParsePosition.members.trap.gz (338 of 586)
[2022-03-13 17:04:16] Importing Clock.members.trap.gz (339 of 586)
[2022-03-13 17:04:16] Importing DayOfWeek.members.trap.gz (340 of 586)
[2022-03-13 17:04:16] Importing Duration.members.trap.gz (341 of 586)
[2022-03-13 17:04:16] Importing Instant.members.trap.gz (342 of 586)
[2022-03-13 17:04:16] Importing LocalDate.members.trap.gz (343 of 586)
[2022-03-13 17:04:16] Importing LocalDateTime.members.trap.gz (344 of 586)
[2022-03-13 17:04:16] Importing LocalTime.members.trap.gz (345 of 586)
[2022-03-13 17:04:16] Importing Month.members.trap.gz (346 of 586)
[2022-03-13 17:04:16] Importing OffsetDateTime.members.trap.gz (347 of 586)
[2022-03-13 17:04:16] Importing OffsetTime.members.trap.gz (348 of 586)
[2022-03-13 17:04:16] Importing Period.members.trap.gz (349 of 586)
[2022-03-13 17:04:16] Importing ZoneId.members.trap.gz (350 of 586)
[2022-03-13 17:04:16] Importing ZoneOffset.members.trap.gz (351 of 586)
[2022-03-13 17:04:16] Importing ZonedDateTime.members.trap.gz (352 of 586)
[2022-03-13 17:04:16] Importing AbstractChronology.members.trap.gz (353 of 586)
[2022-03-13 17:04:16] Importing ChronoLocalDate.members.trap.gz (354 of 586)
[2022-03-13 17:04:16] Importing ChronoLocalDateTime.members.trap.gz (355 of 586)
[2022-03-13 17:04:16] Importing ChronoPeriod.members.trap.gz (356 of 586)
[2022-03-13 17:04:16] Importing ChronoZonedDateTime.members.trap.gz (357 of 586)
[2022-03-13 17:04:16] Importing Chronology.members.trap.gz (358 of 586)
[2022-03-13 17:04:16] Importing Era.members.trap.gz (359 of 586)
[2022-03-13 17:04:16] Importing IsoChronology.members.trap.gz (360 of 586)
[2022-03-13 17:04:16] Importing IsoEra.members.trap.gz (361 of 586)
[2022-03-13 17:04:16] Importing DateTimeFormatter.members.trap.gz (362 of 586)
[2022-03-13 17:04:16] Importing DateTimeFormatterBuilder$CompositePrinterParser.members.trap.gz (363 of 586)
[2022-03-13 17:04:16] Importing DateTimeFormatterBuilder$DateTimePrinterParser.members.trap.gz (364 of 586)
[2022-03-13 17:04:16] Importing DateTimeFormatterBuilder.members.trap.gz (365 of 586)
[2022-03-13 17:04:16] Importing DateTimeParseContext.members.trap.gz (366 of 586)
[2022-03-13 17:04:16] Importing DateTimePrintContext.members.trap.gz (367 of 586)
[2022-03-13 17:04:16] Importing DecimalStyle.members.trap.gz (368 of 586)
[2022-03-13 17:04:16] Importing FormatStyle.members.trap.gz (369 of 586)
[2022-03-13 17:04:16] Importing Parsed.members.trap.gz (370 of 586)
[2022-03-13 17:04:16] Importing ResolverStyle.members.trap.gz (371 of 586)
[2022-03-13 17:04:16] Importing SignStyle.members.trap.gz (372 of 586)
[2022-03-13 17:04:16] Importing TextStyle.members.trap.gz (373 of 586)
[2022-03-13 17:04:16] Importing ChronoField.members.trap.gz (374 of 586)
[2022-03-13 17:04:16] Importing ChronoUnit.members.trap.gz (375 of 586)
[2022-03-13 17:04:16] Importing Temporal.members.trap.gz (376 of 586)
[2022-03-13 17:04:16] Importing TemporalAccessor.members.trap.gz (377 of 586)
[2022-03-13 17:04:16] Importing TemporalAdjuster.members.trap.gz (378 of 586)
[2022-03-13 17:04:16] Importing TemporalAmount.members.trap.gz (379 of 586)
[2022-03-13 17:04:16] Importing TemporalField.members.trap.gz (380 of 586)
[2022-03-13 17:04:16] Importing TemporalQuery.members.trap.gz (381 of 586)
[2022-03-13 17:04:16] Importing TemporalUnit.members.trap.gz (382 of 586)
[2022-03-13 17:04:16] Importing ValueRange.members.trap.gz (383 of 586)
[2022-03-13 17:04:16] Importing ZoneOffsetTransition.members.trap.gz (384 of 586)
[2022-03-13 17:04:16] Importing ZoneOffsetTransitionRule$TimeDefinition.members.trap.gz (385 of 586)
[2022-03-13 17:04:16] Importing ZoneOffsetTransitionRule.members.trap.gz (386 of 586)
[2022-03-13 17:04:16] Importing ZoneRules.members.trap.gz (387 of 586)
[2022-03-13 17:04:16] Importing AbstractCollection.members.trap.gz (388 of 586)
[2022-03-13 17:04:16] Importing AbstractMap.members.trap.gz (389 of 586)
[2022-03-13 17:04:16] Importing AbstractSet.members.trap.gz (390 of 586)
[2022-03-13 17:04:16] Importing Collection.members.trap.gz (391 of 586)
[2022-03-13 17:04:16] Importing Comparator.members.trap.gz (392 of 586)
[2022-03-13 17:04:16] Importing Date.members.trap.gz (393 of 586)
[2022-03-13 17:04:16] Importing Dictionary.members.trap.gz (394 of 586)
[2022-03-13 17:04:16] Importing DoubleSummaryStatistics.members.trap.gz (395 of 586)
[2022-03-13 17:04:16] Importing EnumSet.members.trap.gz (396 of 586)
[2022-03-13 17:04:16] Importing Enumeration.members.trap.gz (397 of 586)
[2022-03-13 17:04:16] Importing Hashtable.members.trap.gz (398 of 586)
[2022-03-13 17:04:16] Importing IntSummaryStatistics.members.trap.gz (399 of 586)
[2022-03-13 17:04:16] Importing InvalidPropertiesFormatException.members.trap.gz (400 of 586)
[2022-03-13 17:04:16] Importing Iterator.members.trap.gz (401 of 586)
[2022-03-13 17:04:16] Importing List.members.trap.gz (402 of 586)
[2022-03-13 17:04:16] Importing ListIterator.members.trap.gz (403 of 586)
[2022-03-13 17:04:16] Importing Locale$Category.members.trap.gz (404 of 586)
[2022-03-13 17:04:16] Importing Locale$FilteringMode.members.trap.gz (405 of 586)
[2022-03-13 17:04:16] Importing Locale$IsoCountryCode.members.trap.gz (406 of 586)
[2022-03-13 17:04:16] Importing Locale$LanguageRange.members.trap.gz (407 of 586)
[2022-03-13 17:04:16] Importing Locale.members.trap.gz (408 of 586)
[2022-03-13 17:04:16] Importing LongSummaryStatistics.members.trap.gz (409 of 586)
[2022-03-13 17:04:16] Importing Map$Entry.members.trap.gz (410 of 586)
[2022-03-13 17:04:16] Importing Map.members.trap.gz (411 of 586)
[2022-03-13 17:04:16] Importing MissingResourceException.members.trap.gz (412 of 586)
[2022-03-13 17:04:16] Importing Optional.members.trap.gz (413 of 586)
[2022-03-13 17:04:16] Importing OptionalDouble.members.trap.gz (414 of 586)
[2022-03-13 17:04:16] Importing OptionalInt.members.trap.gz (415 of 586)
[2022-03-13 17:04:16] Importing OptionalLong.members.trap.gz (416 of 586)
[2022-03-13 17:04:16] Importing PrimitiveIterator$OfDouble.members.trap.gz (417 of 586)
[2022-03-13 17:04:16] Importing PrimitiveIterator$OfInt.members.trap.gz (418 of 586)
[2022-03-13 17:04:16] Importing PrimitiveIterator$OfLong.members.trap.gz (419 of 586)
[2022-03-13 17:04:16] Importing PrimitiveIterator.members.trap.gz (420 of 586)
[2022-03-13 17:04:16] Importing Properties.members.trap.gz (421 of 586)
[2022-03-13 17:04:16] Importing Random.members.trap.gz (422 of 586)
[2022-03-13 17:04:16] Importing ResourceBundle$Control.members.trap.gz (423 of 586)
[2022-03-13 17:04:16] Importing ResourceBundle.members.trap.gz (424 of 586)
[2022-03-13 17:04:16] Importing Set.members.trap.gz (425 of 586)
[2022-03-13 17:04:16] Importing SortedMap.members.trap.gz (426 of 586)
[2022-03-13 17:04:16] Importing Spliterator$OfDouble.members.trap.gz (427 of 586)
[2022-03-13 17:04:16] Importing Spliterator$OfInt.members.trap.gz (428 of 586)
[2022-03-13 17:04:16] Importing Spliterator$OfLong.members.trap.gz (429 of 586)
[2022-03-13 17:04:16] Importing Spliterator$OfPrimitive.members.trap.gz (430 of 586)
[2022-03-13 17:04:16] Importing Spliterator.members.trap.gz (431 of 586)
[2022-03-13 17:04:16] Importing WeakHashMap$Entry.members.trap.gz (432 of 586)
[2022-03-13 17:04:16] Importing WeakHashMap.members.trap.gz (433 of 586)
[2022-03-13 17:04:16] Importing Callable.members.trap.gz (434 of 586)
[2022-03-13 17:04:16] Importing ConcurrentHashMap$CollectionView.members.trap.gz (435 of 586)
[2022-03-13 17:04:16] Importing ConcurrentHashMap$KeySetView.members.trap.gz (436 of 586)
[2022-03-13 17:04:16] Importing ConcurrentHashMap$Node.members.trap.gz (437 of 586)
[2022-03-13 17:04:16] Importing ConcurrentHashMap.members.trap.gz (438 of 586)
[2022-03-13 17:04:16] Importing ConcurrentMap.members.trap.gz (439 of 586)
[2022-03-13 17:04:16] Importing ExecutionException.members.trap.gz (440 of 586)
[2022-03-13 17:04:16] Importing Executor.members.trap.gz (441 of 586)
[2022-03-13 17:04:16] Importing ExecutorService.members.trap.gz (442 of 586)
[2022-03-13 17:04:16] Importing Future.members.trap.gz (443 of 586)
[2022-03-13 17:04:16] Importing ThreadFactory.members.trap.gz (444 of 586)
[2022-03-13 17:04:16] Importing TimeUnit.members.trap.gz (445 of 586)
[2022-03-13 17:04:16] Importing TimeoutException.members.trap.gz (446 of 586)
[2022-03-13 17:04:16] Importing BiConsumer.members.trap.gz (447 of 586)
[2022-03-13 17:04:16] Importing BiFunction.members.trap.gz (448 of 586)
[2022-03-13 17:04:16] Importing BinaryOperator.members.trap.gz (449 of 586)
[2022-03-13 17:04:16] Importing BooleanSupplier.members.trap.gz (450 of 586)
[2022-03-13 17:04:16] Importing Consumer.members.trap.gz (451 of 586)
[2022-03-13 17:04:16] Importing DoubleBinaryOperator.members.trap.gz (452 of 586)
[2022-03-13 17:04:16] Importing DoubleConsumer.members.trap.gz (453 of 586)
[2022-03-13 17:04:16] Importing DoubleFunction.members.trap.gz (454 of 586)
[2022-03-13 17:04:16] Importing DoublePredicate.members.trap.gz (455 of 586)
[2022-03-13 17:04:16] Importing DoubleSupplier.members.trap.gz (456 of 586)
[2022-03-13 17:04:16] Importing DoubleToIntFunction.members.trap.gz (457 of 586)
[2022-03-13 17:04:16] Importing DoubleToLongFunction.members.trap.gz (458 of 586)
[2022-03-13 17:04:16] Importing DoubleUnaryOperator.members.trap.gz (459 of 586)
[2022-03-13 17:04:16] Importing Function.members.trap.gz (460 of 586)
[2022-03-13 17:04:16] Importing IntBinaryOperator.members.trap.gz (461 of 586)
[2022-03-13 17:04:16] Importing IntConsumer.members.trap.gz (462 of 586)
[2022-03-13 17:04:16] Importing IntFunction.members.trap.gz (463 of 586)
[2022-03-13 17:04:16] Importing IntPredicate.members.trap.gz (464 of 586)
[2022-03-13 17:04:16] Importing IntSupplier.members.trap.gz (465 of 586)
[2022-03-13 17:04:16] Importing IntToDoubleFunction.members.trap.gz (466 of 586)
[2022-03-13 17:04:16] Importing IntToLongFunction.members.trap.gz (467 of 586)
[2022-03-13 17:04:16] Importing IntUnaryOperator.members.trap.gz (468 of 586)
[2022-03-13 17:04:16] Importing LongBinaryOperator.members.trap.gz (469 of 586)
[2022-03-13 17:04:16] Importing LongConsumer.members.trap.gz (470 of 586)
[2022-03-13 17:04:16] Importing LongFunction.members.trap.gz (471 of 586)
[2022-03-13 17:04:16] Importing LongPredicate.members.trap.gz (472 of 586)
[2022-03-13 17:04:16] Importing LongSupplier.members.trap.gz (473 of 586)
[2022-03-13 17:04:16] Importing LongToDoubleFunction.members.trap.gz (474 of 586)
[2022-03-13 17:04:16] Importing LongToIntFunction.members.trap.gz (475 of 586)
[2022-03-13 17:04:16] Importing LongUnaryOperator.members.trap.gz (476 of 586)
[2022-03-13 17:04:16] Importing ObjDoubleConsumer.members.trap.gz (477 of 586)
[2022-03-13 17:04:16] Importing ObjIntConsumer.members.trap.gz (478 of 586)
[2022-03-13 17:04:16] Importing ObjLongConsumer.members.trap.gz (479 of 586)
[2022-03-13 17:04:16] Importing Predicate.members.trap.gz (480 of 586)
[2022-03-13 17:04:16] Importing Supplier.members.trap.gz (481 of 586)
[2022-03-13 17:04:16] Importing ToDoubleBiFunction.members.trap.gz (482 of 586)
[2022-03-13 17:04:16] Importing ToDoubleFunction.members.trap.gz (483 of 586)
[2022-03-13 17:04:16] Importing ToIntBiFunction.members.trap.gz (484 of 586)
[2022-03-13 17:04:16] Importing ToIntFunction.members.trap.gz (485 of 586)
[2022-03-13 17:04:16] Importing ToLongBiFunction.members.trap.gz (486 of 586)
[2022-03-13 17:04:16] Importing ToLongFunction.members.trap.gz (487 of 586)
[2022-03-13 17:04:16] Importing UnaryOperator.members.trap.gz (488 of 586)
[2022-03-13 17:04:16] Importing BaseStream.members.trap.gz (489 of 586)
[2022-03-13 17:04:16] Importing Collector$Characteristics.members.trap.gz (490 of 586)
[2022-03-13 17:04:16] Importing Collector.members.trap.gz (491 of 586)
[2022-03-13 17:04:16] Importing DoubleStream$Builder.members.trap.gz (492 of 586)
[2022-03-13 17:04:16] Importing DoubleStream.members.trap.gz (493 of 586)
[2022-03-13 17:04:16] Importing IntStream$Builder.members.trap.gz (494 of 586)
[2022-03-13 17:04:16] Importing IntStream.members.trap.gz (495 of 586)
[2022-03-13 17:04:16] Importing LongStream$Builder.members.trap.gz (496 of 586)
[2022-03-13 17:04:16] Importing LongStream.members.trap.gz (497 of 586)
[2022-03-13 17:04:16] Importing Stream$Builder.members.trap.gz (498 of 586)
[2022-03-13 17:04:16] Importing Stream.members.trap.gz (499 of 586)
[2022-03-13 17:04:16] Importing Subject.members.trap.gz (500 of 586)
[2022-03-13 17:04:16] Importing HotSpotIntrinsicCandidate.members.trap.gz (501 of 586)
[2022-03-13 17:04:16] Importing Unsafe.members.trap.gz (502 of 586)
[2022-03-13 17:04:16] Importing ServicesCatalog$ServiceProvider.members.trap.gz (503 of 586)
[2022-03-13 17:04:16] Importing ServicesCatalog.members.trap.gz (504 of 586)
[2022-03-13 17:04:16] Importing CleanerImpl.members.trap.gz (505 of 586)
[2022-03-13 17:04:16] Importing PhantomCleanable.members.trap.gz (506 of 586)
[2022-03-13 17:04:16] Importing SoftCleanable.members.trap.gz (507 of 586)
[2022-03-13 17:04:16] Importing WeakCleanable.members.trap.gz (508 of 586)
[2022-03-13 17:04:16] Importing CallerSensitive.members.trap.gz (509 of 586)
[2022-03-13 17:04:16] Importing ConstantPool$Tag.members.trap.gz (510 of 586)
[2022-03-13 17:04:16] Importing ConstantPool.members.trap.gz (511 of 586)
[2022-03-13 17:04:16] Importing ConstructorAccessor.members.trap.gz (512 of 586)
[2022-03-13 17:04:16] Importing FieldAccessor.members.trap.gz (513 of 586)
[2022-03-13 17:04:16] Importing LangReflectAccess.members.trap.gz (514 of 586)
[2022-03-13 17:04:16] Importing MethodAccessor.members.trap.gz (515 of 586)
[2022-03-13 17:04:16] Importing ReflectionFactory.members.trap.gz (516 of 586)
[2022-03-13 17:04:16] Importing Contended.members.trap.gz (517 of 586)
[2022-03-13 17:04:16] Importing DontInline.members.trap.gz (518 of 586)
[2022-03-13 17:04:16] Importing ForceInline.members.trap.gz (519 of 586)
[2022-03-13 17:04:16] Importing Stable.members.trap.gz (520 of 586)
[2022-03-13 17:04:16] Importing API$Status.members.trap.gz (521 of 586)
[2022-03-13 17:04:16] Importing API.members.trap.gz (522 of 586)
[2022-03-13 17:04:16] Importing Assertions.members.trap.gz (523 of 586)
[2022-03-13 17:04:16] Importing Test.members.trap.gz (524 of 586)
[2022-03-13 17:04:16] Importing Executable.members.trap.gz (525 of 586)
[2022-03-13 17:04:16] Importing ThrowingSupplier.members.trap.gz (526 of 586)
[2022-03-13 17:04:16] Importing Testable.members.trap.gz (527 of 586)
[2022-03-13 17:04:16] Importing MultipleFailuresError.members.trap.gz (528 of 586)
[2022-03-13 17:04:16] Importing Empty.members.trap.gz (529 of 586)
[2022-03-13 17:04:16] Importing Wrapper.members.trap.gz (530 of 586)
[2022-03-13 17:04:16] Importing Interruptible.members.trap.gz (531 of 586)
[2022-03-13 17:04:16] Importing AnnotationType.members.trap.gz (532 of 586)
[2022-03-13 17:04:16] Importing GenericsFactory.members.trap.gz (533 of 586)
[2022-03-13 17:04:16] Importing AbstractRepository.members.trap.gz (534 of 586)
[2022-03-13 17:04:16] Importing ConstructorRepository.members.trap.gz (535 of 586)
[2022-03-13 17:04:16] Importing GenericDeclRepository.members.trap.gz (536 of 586)
[2022-03-13 17:04:16] Importing MethodRepository.members.trap.gz (537 of 586)
[2022-03-13 17:04:16] Importing ArrayTypeSignature.members.trap.gz (538 of 586)
[2022-03-13 17:04:16] Importing BaseType.members.trap.gz (539 of 586)
[2022-03-13 17:04:16] Importing BooleanSignature.members.trap.gz (540 of 586)
[2022-03-13 17:04:16] Importing BottomSignature.members.trap.gz (541 of 586)
[2022-03-13 17:04:16] Importing ByteSignature.members.trap.gz (542 of 586)
[2022-03-13 17:04:16] Importing CharSignature.members.trap.gz (543 of 586)
[2022-03-13 17:04:16] Importing ClassSignature.members.trap.gz (544 of 586)
[2022-03-13 17:04:16] Importing ClassTypeSignature.members.trap.gz (545 of 586)
[2022-03-13 17:04:16] Importing DoubleSignature.members.trap.gz (546 of 586)
[2022-03-13 17:04:16] Importing FieldTypeSignature.members.trap.gz (547 of 586)
[2022-03-13 17:04:16] Importing FloatSignature.members.trap.gz (548 of 586)
[2022-03-13 17:04:16] Importing FormalTypeParameter.members.trap.gz (549 of 586)
[2022-03-13 17:04:16] Importing IntSignature.members.trap.gz (550 of 586)
[2022-03-13 17:04:16] Importing LongSignature.members.trap.gz (551 of 586)
[2022-03-13 17:04:16] Importing MethodTypeSignature.members.trap.gz (552 of 586)
[2022-03-13 17:04:16] Importing ReturnType.members.trap.gz (553 of 586)
[2022-03-13 17:04:16] Importing ShortSignature.members.trap.gz (554 of 586)
[2022-03-13 17:04:16] Importing Signature.members.trap.gz (555 of 586)
[2022-03-13 17:04:16] Importing SimpleClassTypeSignature.members.trap.gz (556 of 586)
[2022-03-13 17:04:16] Importing Tree.members.trap.gz (557 of 586)
[2022-03-13 17:04:16] Importing TypeArgument.members.trap.gz (558 of 586)
[2022-03-13 17:04:16] Importing TypeSignature.members.trap.gz (559 of 586)
[2022-03-13 17:04:16] Importing TypeTree.members.trap.gz (560 of 586)
[2022-03-13 17:04:16] Importing TypeVariableSignature.members.trap.gz (561 of 586)
[2022-03-13 17:04:16] Importing VoidDescriptor.members.trap.gz (562 of 586)
[2022-03-13 17:04:16] Importing Wildcard.members.trap.gz (563 of 586)
[2022-03-13 17:04:16] Importing Reifier.members.trap.gz (564 of 586)
[2022-03-13 17:04:16] Importing TypeTreeVisitor.members.trap.gz (565 of 586)
[2022-03-13 17:04:16] Importing Visitor.members.trap.gz (566 of 586)
[2022-03-13 17:04:16] Importing Debug.members.trap.gz (567 of 586)
[2022-03-13 17:04:16] Importing BaseLocale.members.trap.gz (568 of 586)
[2022-03-13 17:04:16] Importing Extension.members.trap.gz (569 of 586)
[2022-03-13 17:04:16] Importing InternalLocaleBuilder$CaseInsensitiveChar.members.trap.gz (570 of 586)
[2022-03-13 17:04:16] Importing InternalLocaleBuilder$CaseInsensitiveString.members.trap.gz (571 of 586)
[2022-03-13 17:04:16] Importing InternalLocaleBuilder.members.trap.gz (572 of 586)
[2022-03-13 17:04:16] Importing LanguageTag.members.trap.gz (573 of 586)
[2022-03-13 17:04:16] Importing LocaleExtensions.members.trap.gz (574 of 586)
[2022-03-13 17:04:16] Importing LocaleSyntaxException.members.trap.gz (575 of 586)
[2022-03-13 17:04:16] Importing ParseStatus.members.trap.gz (576 of 586)
[2022-03-13 17:04:16] Importing App.members.trap.gz (577 of 586)
[2022-03-13 17:04:16] Importing AppTest.members.trap.gz (578 of 586)
[2022-03-13 17:04:16] Importing diagnostic-1.trap.gz (579 of 586)
[2022-03-13 17:04:16] Importing diagnostic.trap.gz (580 of 586)
[2022-03-13 17:04:16] Importing apiguardian-api-1.1.0.jar.trap.gz (581 of 586)
[2022-03-13 17:04:16] Importing junit-jupiter-api-5.7.2.jar.trap.gz (582 of 586)
[2022-03-13 17:04:16] Importing junit-platform-commons-1.7.2.jar.trap.gz (583 of 586)
[2022-03-13 17:04:16] Importing opentest4j-1.2.0.jar.trap.gz (584 of 586)
[2022-03-13 17:04:16] Importing java.base.trap.gz (585 of 586)
[2022-03-13 17:04:16] Importing sourceLocationPrefix.trap.gz (586 of 586)
[2022-03-13 17:04:17] Merging 1 fragment for files.
[2022-03-13 17:04:17] Merging 1 fragment for folders.
[2022-03-13 17:04:17] Merging 1 fragment for containerparent.
[2022-03-13 17:04:17] Merging 1 fragment for locations_default.
[2022-03-13 17:04:17] Merging 1 fragment for hasLocation.
[2022-03-13 17:04:17] Merging 1 fragment for numlines.
[2022-03-13 17:04:17] Merging 1 fragment for packages.
[2022-03-13 17:04:17] Merging 1 fragment for cupackage.
[2022-03-13 17:04:17] Merging 1 fragment for primitives.
[2022-03-13 17:04:17] Merging 1 fragment for stmts.
[2022-03-13 17:04:17] Merging 1 fragment for callableBinding.
[2022-03-13 17:04:17] Merging 1 fragment for exprs.
[2022-03-13 17:04:17] Merging 1 fragment for callableEnclosingExpr.
[2022-03-13 17:04:17] Merging 1 fragment for statementEnclosingExpr.
[2022-03-13 17:04:17] Merging 1 fragment for namestrings.
[2022-03-13 17:04:17] Merging 1 fragment for params.
[2022-03-13 17:04:17] Merging 1 fragment for paramName.
[2022-03-13 17:04:17] Merging 1 fragment for localvars.
[2022-03-13 17:04:17] Merging 1 fragment for variableBinding.
[2022-03-13 17:04:17] Merging 1 fragment for arrays.
[2022-03-13 17:04:17] Merging 1 fragment for fields.
[2022-03-13 17:04:17] Merging 1 fragment for modifiers.
[2022-03-13 17:04:17] Merging 1 fragment for hasModifier.
[2022-03-13 17:04:17] Merging 1 fragment for methods.
[2022-03-13 17:04:17] Merging 1 fragment for extendsReftype.
[2022-03-13 17:04:17] Merging 1 fragment for implInterface.
[2022-03-13 17:04:17] Merging 1 fragment for javadoc.
[2022-03-13 17:04:17] Merging 1 fragment for isNormalComment.
[2022-03-13 17:04:17] Merging 1 fragment for javadocText.
[2022-03-13 17:04:17] Merging 1 fragment for isEolComment.
[2022-03-13 17:04:17] Merging 1 fragment for imports.
[2022-03-13 17:04:17] Merging 1 fragment for constrs.
[2022-03-13 17:04:17] Merging 1 fragment for isDefConstr.
[2022-03-13 17:04:17] Merging 1 fragment for interfaces.
[2022-03-13 17:04:17] Merging 1 fragment for cumodule.
[2022-03-13 17:04:17] Merging 1 fragment for exceptions.
[2022-03-13 17:04:17] Merging 1 fragment for classes.
[2022-03-13 17:04:17] Merging 1 fragment for isVarargsParam.
[2022-03-13 17:04:17] Merging 1 fragment for typeArgs.
[2022-03-13 17:04:17] Merging 1 fragment for isParameterized.
[2022-03-13 17:04:17] Merging 1 fragment for erasure.
[2022-03-13 17:04:17] Merging 1 fragment for annotValue.
[2022-03-13 17:04:17] Merging 1 fragment for enclInReftype.
[2022-03-13 17:04:17] Merging 1 fragment for isRaw.
[2022-03-13 17:04:17] Merging 1 fragment for wildcards.
[2022-03-13 17:04:17] Merging 1 fragment for typeBounds.
[2022-03-13 17:04:17] Merging 1 fragment for typeVars.
[2022-03-13 17:04:17] Merging 1 fragment for isEnumType.
[2022-03-13 17:04:17] Merging 1 fragment for isEnumConst.
[2022-03-13 17:04:17] Merging 1 fragment for isAnnotType.
[2022-03-13 17:04:17] Merging 1 fragment for isAnnotElem.
[2022-03-13 17:04:17] Merging 1 fragment for compilations.
[2022-03-13 17:04:17] Merging 1 fragment for compilation_args.
[2022-03-13 17:04:17] Merging 1 fragment for diagnostic_for.
[2022-03-13 17:04:17] Merging 1 fragment for diagnostics.
[2022-03-13 17:04:17] Merging 1 fragment for compilation_time.
[2022-03-13 17:04:17] Merging 1 fragment for compilation_compiling_files.
[2022-03-13 17:04:17] Merging 1 fragment for compilation_finished.
[2022-03-13 17:04:17] Merging 1 fragment for jarManifestMain.
[2022-03-13 17:04:17] Merging 1 fragment for modules.
[2022-03-13 17:04:17] Merging 1 fragment for exports.
[2022-03-13 17:04:17] Merging 1 fragment for directives.
[2022-03-13 17:04:17] Merging 1 fragment for exportsTo.
[2022-03-13 17:04:17] Merging 1 fragment for uses.
[2022-03-13 17:04:17] Merging 1 fragment for provides.
[2022-03-13 17:04:17] Merging 1 fragment for providesWith.
[2022-03-13 17:04:17] Merging 1 fragment for sourceLocationPrefix.
[2022-03-13 17:04:17] Saving string and id pools to disk.
[2022-03-13 17:04:17] Finished importing trap files.
[2022-03-13 17:04:17] Pausing evaluation to close the cache at sequence stamp o+3
[2022-03-13 17:04:17] The disk cache is freshly trimmed; leave it be.
[2022-03-13 17:04:17] Unpausing evaluation
[2022-03-13 17:04:17] Plumbing command codeql dataset import completed.
[2022-03-13 17:04:17] [PROGRESS] database finalize> TRAP import complete (3s).
[2022-03-13 17:04:17] Running plumbing command: codeql database cleanup --mode=normal -- C:\Users\MQ10001357\OneDrive - Macquarie University\Teaching\Comp3310\codeQL\workshop_example_qb
[2022-03-13 17:04:17] [PROGRESS] database cleanup> Cleaning up existing TRAP files after import...
[2022-03-13 17:04:19] [PROGRESS] database cleanup> TRAP files cleaned up (1.4s).
[2022-03-13 17:04:19] [PROGRESS] database cleanup> Cleaning up scratch directory...
[2022-03-13 17:04:19] [PROGRESS] database cleanup> Scratch directory cleaned up (3ms).
[2022-03-13 17:04:19] Running plumbing command: codeql dataset cleanup --mode=normal -- C:\Users\MQ10001357\OneDrive - Macquarie University\Teaching\Comp3310\codeQL\workshop_example_qb\db-java
[2022-03-13 17:04:19] [PROGRESS] dataset cleanup> Cleaning up dataset in C:\Users\MQ10001357\OneDrive - Macquarie University\Teaching\Comp3310\codeQL\workshop_example_qb\db-java.
[2022-03-13 17:04:19] Trimming disk cache at C:\Users\MQ10001357\OneDrive - Macquarie University\Teaching\Comp3310\codeQL\workshop_example_qb\db-java\default\cache in mode normal.
[2022-03-13 17:04:19] Sequence stamp origin is -6479424345645303687
[2022-03-13 17:04:19] Pausing evaluation to zealously trim disk at sequence stamp o+0
[2022-03-13 17:04:19] Unpausing evaluation
[2022-03-13 17:04:19] Trimming completed (3ms): Trimmed disposable data from cache.
[2022-03-13 17:04:19] Pausing evaluation to close the cache at sequence stamp o+1
[2022-03-13 17:04:19] The disk cache is freshly trimmed; leave it be.
[2022-03-13 17:04:19] Unpausing evaluation
[2022-03-13 17:04:19] [PROGRESS] dataset cleanup> Trimmed disposable data from cache.
[2022-03-13 17:04:19] [PROGRESS] dataset cleanup> Finalizing dataset in C:\Users\MQ10001357\OneDrive - Macquarie University\Teaching\Comp3310\codeQL\workshop_example_qb\db-java
[2022-03-13 17:04:19] [DETAILS] dataset cleanup> Finished deleting ID pool from C:\Users\MQ10001357\OneDrive - Macquarie University\Teaching\Comp3310\codeQL\workshop_example_qb\db-java (8ms).
[2022-03-13 17:04:19] Plumbing command codeql dataset cleanup completed.
[2022-03-13 17:04:19] Plumbing command codeql database cleanup completed with status 0.
[2022-03-13 17:04:19] Plumbing command codeql database finalize completed.
[2022-03-13 17:04:19] [PROGRESS] database create> Successfully created database at C:\Users\MQ10001357\OneDrive - Macquarie University\Teaching\Comp3310\codeQL\workshop_example_qb.
[2022-03-13 17:04:19] Terminating normally.
