[2022-03-13 17:04:08] [javac-extractor-21512] Starting extraction for:
                                              sun.java.command=com.semmle.extractor.java.JavaExtractor --jdk-version 12 --javac-args @@@C:\Users\MQ10001357\OneDrive - Macquarie University\Teaching\Comp3310\codeQL\workshop_example_qb\log\ext\javac-1.args
                                              user.dir=C:\Users\MQ10001357\OneDrive - Macquarie University\Teaching\Comp3310\codeQL\workshopExamples
[2022-03-13 17:04:08] [javac-extractor-21512] [WARN] Appending source destination directory C:\Users\MQ10001357\OneDrive - Macquarie University\Teaching\Comp3310\codeQL\workshopExamples\app\build\generated\sources\annotationProcessor\java\test to sourcepath
[2022-03-13 17:04:10] [javac-extractor-21512] Processing file C:\Users\MQ10001357\OneDrive - Macquarie University\Teaching\Comp3310\codeQL\workshopExamples\app\src\test\java\workshopExamples\AppTest.java
[2022-03-13 17:04:10] [javac-extractor-21512] Writing trap file for: org.junit.jupiter.api.Test 52.0-318171600000 jar:file:///C:/Users/MQ10001357/.gradle/caches/modules-2/files-2.1/org.junit.jupiter/junit-jupiter-api/5.7.2/f4b4079732a9c537983324cfa4e46655f21d2c56/junit-jupiter-api-5.7.2.jar!/org/junit/jupiter/api/Test.class
[2022-03-13 17:04:10] [javac-extractor-21512] Writing trap file for: org.junit.jupiter.api.Assertions 52.0-318171600000 jar:file:///C:/Users/MQ10001357/.gradle/caches/modules-2/files-2.1/org.junit.jupiter/junit-jupiter-api/5.7.2/f4b4079732a9c537983324cfa4e46655f21d2c56/junit-jupiter-api-5.7.2.jar!/org/junit/jupiter/api/Assertions.class
[2022-03-13 17:04:10] [javac-extractor-21512] Writing trap file for: workshopExamples.AppTest 0.0-0 null
[2022-03-13 17:04:10] [javac-extractor-21512] Writing trap file for: org.apiguardian.api.API 50.0-1559819258000 jar:file:///C:/Users/MQ10001357/.gradle/caches/modules-2/files-2.1/org.apiguardian/apiguardian-api/1.1.0/fc9dff4bb36d627bdc553de77e1f17efd790876c/apiguardian-api-1.1.0.jar!/org/apiguardian/api/API.class
[2022-03-13 17:04:10] [javac-extractor-21512] Writing trap file for: org.apiguardian.api.API.Status 50.0-1559819258000 jar:file:///C:/Users/MQ10001357/.gradle/caches/modules-2/files-2.1/org.apiguardian/apiguardian-api/1.1.0/fc9dff4bb36d627bdc553de77e1f17efd790876c/apiguardian-api-1.1.0.jar!/org/apiguardian/api/API$Status.class
[2022-03-13 17:04:10] [javac-extractor-21512] Writing trap file for: org.junit.platform.commons.annotation.Testable 52.0-318171600000 jar:file:///C:/Users/MQ10001357/.gradle/caches/modules-2/files-2.1/org.junit.platform/junit-platform-commons/1.7.2/34adfea6c13fc4a996cf38cdad80800ce850d198/junit-platform-commons-1.7.2.jar!/org/junit/platform/commons/annotation/Testable.class
[2022-03-13 17:04:10] [javac-extractor-21512] Writing trap file for: org.junit.jupiter.api.function.ThrowingSupplier 52.0-318171600000 jar:file:///C:/Users/MQ10001357/.gradle/caches/modules-2/files-2.1/org.junit.jupiter/junit-jupiter-api/5.7.2/f4b4079732a9c537983324cfa4e46655f21d2c56/junit-jupiter-api-5.7.2.jar!/org/junit/jupiter/api/function/ThrowingSupplier.class
[2022-03-13 17:04:10] [javac-extractor-21512] Writing trap file for: org.junit.jupiter.api.function.Executable 52.0-318171600000 jar:file:///C:/Users/MQ10001357/.gradle/caches/modules-2/files-2.1/org.junit.jupiter/junit-jupiter-api/5.7.2/f4b4079732a9c537983324cfa4e46655f21d2c56/junit-jupiter-api-5.7.2.jar!/org/junit/jupiter/api/function/Executable.class
[2022-03-13 17:04:10] [javac-extractor-21512] Writing trap file for: org.opentest4j.MultipleFailuresError 50.0-1559820232000 jar:file:///C:/Users/MQ10001357/.gradle/caches/modules-2/files-2.1/org.opentest4j/opentest4j/1.2.0/28c11eb91f9b6d8e200631d46e20a7f407f2a046/opentest4j-1.2.0.jar!/org/opentest4j/MultipleFailuresError.class
[2022-03-13 17:04:10] [javac-extractor-21512] Writing trap file for: java.lang.Float 56.0-1559696899000 jrt:/modules/java.base/java/lang/Float.class
[2022-03-13 17:04:10] [javac-extractor-21512] Writing trap file for: java.lang.Short 56.0-1559696899000 jrt:/modules/java.base/java/lang/Short.class
[2022-03-13 17:04:10] [javac-extractor-21512] Writing trap file for: java.lang.Byte 56.0-1559696899000 jrt:/modules/java.base/java/lang/Byte.class
[2022-03-13 17:04:10] [javac-extractor-21512] Writing trap file for: java.util.function.BooleanSupplier 56.0-1559696899000 jrt:/modules/java.base/java/util/function/BooleanSupplier.class
[2022-03-13 17:04:11] [javac-extractor-21512] Writing trap file for: java.lang.annotation.Inherited 56.0-1559696899000 jrt:/modules/java.base/java/lang/annotation/Inherited.class
[2022-03-13 17:04:11] [javac-extractor-21512] Writing trap file for: java.lang.AssertionError 56.0-1559696899000 jrt:/modules/java.base/java/lang/AssertionError.class
[2022-03-13 17:04:11] [javac-extractor-21512] Processing JAR file: C:/Users/MQ10001357/.gradle/caches/modules-2/files-2.1/org.junit.jupiter/junit-jupiter-api/5.7.2/f4b4079732a9c537983324cfa4e46655f21d2c56/junit-jupiter-api-5.7.2.jar
[2022-03-13 17:04:11] [javac-extractor-21512] Processing JAR file: C:/Users/MQ10001357/.gradle/caches/modules-2/files-2.1/org.apiguardian/apiguardian-api/1.1.0/fc9dff4bb36d627bdc553de77e1f17efd790876c/apiguardian-api-1.1.0.jar
[2022-03-13 17:04:11] [javac-extractor-21512] Processing JAR file: C:/Users/MQ10001357/.gradle/caches/modules-2/files-2.1/org.junit.platform/junit-platform-commons/1.7.2/34adfea6c13fc4a996cf38cdad80800ce850d198/junit-platform-commons-1.7.2.jar
[2022-03-13 17:04:11] [javac-extractor-21512] Processing JAR file: C:/Users/MQ10001357/.gradle/caches/modules-2/files-2.1/org.opentest4j/opentest4j/1.2.0/28c11eb91f9b6d8e200631d46e20a7f407f2a046/opentest4j-1.2.0.jar
[2022-03-13 17:04:11] [javac-extractor-21512] Javac init time: 1.1s
[2022-03-13 17:04:11] [javac-extractor-21512] Javac attr time: 0.1s
[2022-03-13 17:04:11] [javac-extractor-21512] Extractor time: 1.3s
[2022-03-13 17:04:11] [javac-extractor-21512] Other time: 0.2s
[2022-03-13 17:04:11] [javac-extractor-21512] Total time: 2.7s
